{"/Users/kazuya.miura/Develop/soyokaze/components/collapsible.tsx": {"path":"/Users/kazuya.miura/Develop/soyokaze/components/collapsible.tsx","all":true,"statementMap":{"0":{"start":{"line":1,"column":0},"end":{"line":1,"column":52}},"1":{"start":{"line":2,"column":0},"end":{"line":2,"column":60}},"3":{"start":{"line":4,"column":0},"end":{"line":4,"column":54}},"4":{"start":{"line":5,"column":0},"end":{"line":5,"column":54}},"5":{"start":{"line":6,"column":0},"end":{"line":6,"column":57}},"6":{"start":{"line":7,"column":0},"end":{"line":7,"column":44}},"7":{"start":{"line":8,"column":0},"end":{"line":8,"column":58}},"9":{"start":{"line":10,"column":0},"end":{"line":10,"column":89}},"10":{"start":{"line":11,"column":0},"end":{"line":11,"column":46}},"11":{"start":{"line":12,"column":0},"end":{"line":12,"column":44}},"13":{"start":{"line":14,"column":0},"end":{"line":14,"column":10}},"14":{"start":{"line":15,"column":0},"end":{"line":15,"column":16}},"15":{"start":{"line":16,"column":0},"end":{"line":16,"column":23}},"16":{"start":{"line":17,"column":0},"end":{"line":17,"column":30}},"17":{"start":{"line":18,"column":0},"end":{"line":18,"column":52}},"18":{"start":{"line":19,"column":0},"end":{"line":19,"column":28}},"19":{"start":{"line":20,"column":0},"end":{"line":20,"column":19}},"20":{"start":{"line":21,"column":0},"end":{"line":21,"column":30}},"21":{"start":{"line":22,"column":0},"end":{"line":22,"column":19}},"22":{"start":{"line":23,"column":0},"end":{"line":23,"column":25}},"23":{"start":{"line":24,"column":0},"end":{"line":24,"column":74}},"24":{"start":{"line":25,"column":0},"end":{"line":25,"column":72}},"25":{"start":{"line":26,"column":0},"end":{"line":26,"column":10}},"27":{"start":{"line":28,"column":0},"end":{"line":28,"column":63}},"28":{"start":{"line":29,"column":0},"end":{"line":29,"column":25}},"29":{"start":{"line":30,"column":0},"end":{"line":30,"column":76}},"30":{"start":{"line":31,"column":0},"end":{"line":31,"column":17}},"32":{"start":{"line":33,"column":0},"end":{"line":33,"column":1}},"34":{"start":{"line":35,"column":0},"end":{"line":35,"column":34}},"35":{"start":{"line":36,"column":0},"end":{"line":36,"column":12}},"36":{"start":{"line":37,"column":0},"end":{"line":37,"column":25}},"37":{"start":{"line":38,"column":0},"end":{"line":38,"column":25}},"38":{"start":{"line":39,"column":0},"end":{"line":39,"column":11}},"39":{"start":{"line":40,"column":0},"end":{"line":40,"column":4}},"40":{"start":{"line":41,"column":0},"end":{"line":41,"column":12}},"41":{"start":{"line":42,"column":0},"end":{"line":42,"column":17}},"42":{"start":{"line":43,"column":0},"end":{"line":43,"column":19}},"43":{"start":{"line":44,"column":0},"end":{"line":44,"column":4}},"44":{"start":{"line":45,"column":0},"end":{"line":45,"column":3}}},"s":{"0":0,"1":0,"3":0,"4":0,"5":0,"6":0,"7":0,"9":0,"10":0,"11":0,"13":0,"14":0,"15":0,"16":0,"17":0,"18":0,"19":0,"20":0,"21":0,"22":0,"23":0,"24":0,"25":0,"27":0,"28":0,"29":0,"30":0,"32":0,"34":0,"35":0,"36":0,"37":0,"38":0,"39":0,"40":0,"41":0,"42":0,"43":0,"44":0},"branchMap":{"0":{"type":"branch","line":1,"loc":{"start":{"line":1,"column":1362},"end":{"line":45,"column":3}},"locations":[{"start":{"line":1,"column":1362},"end":{"line":45,"column":3}}]}},"b":{"0":[0]},"fnMap":{"0":{"name":"(empty-report)","decl":{"start":{"line":1,"column":1362},"end":{"line":45,"column":3}},"loc":{"start":{"line":1,"column":1362},"end":{"line":45,"column":3}},"line":1}},"f":{"0":0}}
,"/Users/kazuya.miura/Develop/soyokaze/components/external-link.tsx": {"path":"/Users/kazuya.miura/Develop/soyokaze/components/external-link.tsx","all":true,"statementMap":{"0":{"start":{"line":1,"column":0},"end":{"line":1,"column":41}},"1":{"start":{"line":2,"column":0},"end":{"line":2,"column":52}},"3":{"start":{"line":4,"column":0},"end":{"line":4,"column":40}},"7":{"start":{"line":8,"column":0},"end":{"line":8,"column":56}},"8":{"start":{"line":9,"column":0},"end":{"line":9,"column":10}},"9":{"start":{"line":10,"column":0},"end":{"line":10,"column":9}},"10":{"start":{"line":11,"column":0},"end":{"line":11,"column":21}},"11":{"start":{"line":12,"column":0},"end":{"line":12,"column":15}},"12":{"start":{"line":13,"column":0},"end":{"line":13,"column":17}},"13":{"start":{"line":14,"column":0},"end":{"line":14,"column":33}},"14":{"start":{"line":15,"column":0},"end":{"line":15,"column":36}},"16":{"start":{"line":17,"column":0},"end":{"line":17,"column":33}},"18":{"start":{"line":19,"column":0},"end":{"line":19,"column":39}},"19":{"start":{"line":20,"column":0},"end":{"line":20,"column":9}},"20":{"start":{"line":21,"column":0},"end":{"line":21,"column":8}},"21":{"start":{"line":22,"column":0},"end":{"line":22,"column":6}},"23":{"start":{"line":24,"column":0},"end":{"line":24,"column":1}}},"s":{"0":0,"1":0,"3":0,"7":0,"8":0,"9":0,"10":0,"11":0,"12":0,"13":0,"14":0,"16":0,"18":0,"19":0,"20":0,"21":0,"23":0},"branchMap":{"0":{"type":"branch","line":1,"loc":{"start":{"line":1,"column":712},"end":{"line":24,"column":1}},"locations":[{"start":{"line":1,"column":712},"end":{"line":24,"column":1}}]}},"b":{"0":[0]},"fnMap":{"0":{"name":"(empty-report)","decl":{"start":{"line":1,"column":712},"end":{"line":24,"column":1}},"loc":{"start":{"line":1,"column":712},"end":{"line":24,"column":1}},"line":1}},"f":{"0":0}}
,"/Users/kazuya.miura/Develop/soyokaze/components/haptic-tab.tsx": {"path":"/Users/kazuya.miura/Develop/soyokaze/components/haptic-tab.tsx","all":true,"statementMap":{"1":{"start":{"line":2,"column":0},"end":{"line":2,"column":63}},"2":{"start":{"line":3,"column":0},"end":{"line":3,"column":40}},"4":{"start":{"line":5,"column":0},"end":{"line":5,"column":59}},"5":{"start":{"line":6,"column":0},"end":{"line":6,"column":10}},"6":{"start":{"line":7,"column":0},"end":{"line":7,"column":22}},"7":{"start":{"line":8,"column":0},"end":{"line":8,"column":16}},"8":{"start":{"line":9,"column":0},"end":{"line":9,"column":26}},"9":{"start":{"line":10,"column":0},"end":{"line":10,"column":44}},"11":{"start":{"line":12,"column":0},"end":{"line":12,"column":65}},"12":{"start":{"line":13,"column":0},"end":{"line":13,"column":9}},"13":{"start":{"line":14,"column":0},"end":{"line":14,"column":30}},"14":{"start":{"line":15,"column":0},"end":{"line":15,"column":8}},"15":{"start":{"line":16,"column":0},"end":{"line":16,"column":6}},"17":{"start":{"line":18,"column":0},"end":{"line":18,"column":1}}},"s":{"1":0,"2":0,"4":0,"5":0,"6":0,"7":0,"8":0,"9":0,"11":0,"12":0,"13":0,"14":0,"15":0,"17":0},"branchMap":{"0":{"type":"branch","line":1,"loc":{"start":{"line":1,"column":563},"end":{"line":18,"column":1}},"locations":[{"start":{"line":1,"column":563},"end":{"line":18,"column":1}}]}},"b":{"0":[1]},"fnMap":{"0":{"name":"(empty-report)","decl":{"start":{"line":1,"column":563},"end":{"line":18,"column":1}},"loc":{"start":{"line":1,"column":563},"end":{"line":18,"column":1}},"line":1}},"f":{"0":1}}
,"/Users/kazuya.miura/Develop/soyokaze/components/hello-wave.tsx": {"path":"/Users/kazuya.miura/Develop/soyokaze/components/hello-wave.tsx","all":true,"statementMap":{"0":{"start":{"line":1,"column":0},"end":{"line":1,"column":34}},"1":{"start":{"line":2,"column":0},"end":{"line":2,"column":42}},"2":{"start":{"line":3,"column":0},"end":{"line":3,"column":18}},"10":{"start":{"line":11,"column":0},"end":{"line":11,"column":54}},"12":{"start":{"line":13,"column":0},"end":{"line":13,"column":29}},"13":{"start":{"line":14,"column":0},"end":{"line":14,"column":46}},"15":{"start":{"line":16,"column":0},"end":{"line":16,"column":19}},"16":{"start":{"line":17,"column":0},"end":{"line":17,"column":41}},"17":{"start":{"line":18,"column":0},"end":{"line":18,"column":88}},"18":{"start":{"line":19,"column":0},"end":{"line":19,"column":36}},"19":{"start":{"line":20,"column":0},"end":{"line":20,"column":6}},"20":{"start":{"line":21,"column":0},"end":{"line":21,"column":26}},"22":{"start":{"line":23,"column":0},"end":{"line":23,"column":49}},"23":{"start":{"line":24,"column":0},"end":{"line":24,"column":61}},"24":{"start":{"line":25,"column":0},"end":{"line":25,"column":6}},"26":{"start":{"line":27,"column":0},"end":{"line":27,"column":10}},"27":{"start":{"line":28,"column":0},"end":{"line":28,"column":41}},"28":{"start":{"line":29,"column":0},"end":{"line":29,"column":53}},"29":{"start":{"line":30,"column":0},"end":{"line":30,"column":20}},"31":{"start":{"line":32,"column":0},"end":{"line":32,"column":1}},"33":{"start":{"line":34,"column":0},"end":{"line":34,"column":34}},"34":{"start":{"line":35,"column":0},"end":{"line":35,"column":9}},"35":{"start":{"line":36,"column":0},"end":{"line":36,"column":17}},"36":{"start":{"line":37,"column":0},"end":{"line":37,"column":19}},"37":{"start":{"line":38,"column":0},"end":{"line":38,"column":18}},"38":{"start":{"line":39,"column":0},"end":{"line":39,"column":4}},"39":{"start":{"line":40,"column":0},"end":{"line":40,"column":3}}},"s":{"0":0,"1":0,"2":0,"10":0,"12":0,"13":0,"15":0,"16":0,"17":0,"18":0,"19":0,"20":0,"22":0,"23":0,"24":0,"26":0,"27":0,"28":0,"29":0,"31":0,"33":0,"34":0,"35":0,"36":0,"37":0,"38":0,"39":0},"branchMap":{"0":{"type":"branch","line":1,"loc":{"start":{"line":1,"column":937},"end":{"line":40,"column":3}},"locations":[{"start":{"line":1,"column":937},"end":{"line":40,"column":3}}]}},"b":{"0":[0]},"fnMap":{"0":{"name":"(empty-report)","decl":{"start":{"line":1,"column":937},"end":{"line":40,"column":3}},"loc":{"start":{"line":1,"column":937},"end":{"line":40,"column":3}},"line":1}},"f":{"0":0}}
,"/Users/kazuya.miura/Develop/soyokaze/components/parallax-scroll-view.tsx": {"path":"/Users/kazuya.miura/Develop/soyokaze/components/parallax-scroll-view.tsx","all":true,"statementMap":{"1":{"start":{"line":2,"column":0},"end":{"line":2,"column":42}},"2":{"start":{"line":3,"column":0},"end":{"line":3,"column":18}},"9":{"start":{"line":10,"column":0},"end":{"line":10,"column":54}},"10":{"start":{"line":11,"column":0},"end":{"line":11,"column":74}},"11":{"start":{"line":12,"column":0},"end":{"line":12,"column":58}},"13":{"start":{"line":14,"column":0},"end":{"line":14,"column":26}},"20":{"start":{"line":21,"column":0},"end":{"line":21,"column":44}},"21":{"start":{"line":22,"column":0},"end":{"line":22,"column":11}},"22":{"start":{"line":23,"column":0},"end":{"line":23,"column":14}},"23":{"start":{"line":24,"column":0},"end":{"line":24,"column":24}},"24":{"start":{"line":25,"column":0},"end":{"line":25,"column":11}},"25":{"start":{"line":26,"column":0},"end":{"line":26,"column":50}},"26":{"start":{"line":27,"column":0},"end":{"line":27,"column":58}},"27":{"start":{"line":28,"column":0},"end":{"line":28,"column":54}},"28":{"start":{"line":29,"column":0},"end":{"line":29,"column":40}},"29":{"start":{"line":30,"column":0},"end":{"line":30,"column":54}},"30":{"start":{"line":31,"column":0},"end":{"line":31,"column":12}},"31":{"start":{"line":32,"column":0},"end":{"line":32,"column":18}},"32":{"start":{"line":33,"column":0},"end":{"line":33,"column":9}},"33":{"start":{"line":34,"column":0},"end":{"line":34,"column":34}},"34":{"start":{"line":35,"column":0},"end":{"line":35,"column":31}},"35":{"start":{"line":36,"column":0},"end":{"line":36,"column":47}},"36":{"start":{"line":37,"column":0},"end":{"line":37,"column":57}},"37":{"start":{"line":38,"column":0},"end":{"line":38,"column":12}},"38":{"start":{"line":39,"column":0},"end":{"line":39,"column":10}},"39":{"start":{"line":40,"column":0},"end":{"line":40,"column":9}},"40":{"start":{"line":41,"column":0},"end":{"line":41,"column":96}},"41":{"start":{"line":42,"column":0},"end":{"line":42,"column":10}},"42":{"start":{"line":43,"column":0},"end":{"line":43,"column":8}},"43":{"start":{"line":44,"column":0},"end":{"line":44,"column":6}},"44":{"start":{"line":45,"column":0},"end":{"line":45,"column":5}},"46":{"start":{"line":47,"column":0},"end":{"line":47,"column":10}},"47":{"start":{"line":48,"column":0},"end":{"line":48,"column":41}},"48":{"start":{"line":49,"column":0},"end":{"line":49,"column":26}},"49":{"start":{"line":50,"column":0},"end":{"line":50,"column":23}},"50":{"start":{"line":51,"column":0},"end":{"line":51,"column":32}},"51":{"start":{"line":52,"column":0},"end":{"line":52,"column":42}},"52":{"start":{"line":53,"column":0},"end":{"line":53,"column":58}},"53":{"start":{"line":54,"column":0},"end":{"line":54,"column":22}},"54":{"start":{"line":55,"column":0},"end":{"line":55,"column":18}},"55":{"start":{"line":56,"column":0},"end":{"line":56,"column":26}},"56":{"start":{"line":57,"column":0},"end":{"line":57,"column":68}},"57":{"start":{"line":58,"column":0},"end":{"line":58,"column":32}},"58":{"start":{"line":59,"column":0},"end":{"line":59,"column":13}},"59":{"start":{"line":60,"column":0},"end":{"line":60,"column":23}},"60":{"start":{"line":61,"column":0},"end":{"line":61,"column":24}},"61":{"start":{"line":62,"column":0},"end":{"line":62,"column":66}},"62":{"start":{"line":63,"column":0},"end":{"line":63,"column":28}},"63":{"start":{"line":64,"column":0},"end":{"line":64,"column":17}},"65":{"start":{"line":66,"column":0},"end":{"line":66,"column":1}},"67":{"start":{"line":68,"column":0},"end":{"line":68,"column":34}},"68":{"start":{"line":69,"column":0},"end":{"line":69,"column":14}},"69":{"start":{"line":70,"column":0},"end":{"line":70,"column":12}},"70":{"start":{"line":71,"column":0},"end":{"line":71,"column":4}},"71":{"start":{"line":72,"column":0},"end":{"line":72,"column":11}},"72":{"start":{"line":73,"column":0},"end":{"line":73,"column":26}},"73":{"start":{"line":74,"column":0},"end":{"line":74,"column":23}},"74":{"start":{"line":75,"column":0},"end":{"line":75,"column":4}},"75":{"start":{"line":76,"column":0},"end":{"line":76,"column":12}},"76":{"start":{"line":77,"column":0},"end":{"line":77,"column":12}},"77":{"start":{"line":78,"column":0},"end":{"line":78,"column":16}},"78":{"start":{"line":79,"column":0},"end":{"line":79,"column":12}},"79":{"start":{"line":80,"column":0},"end":{"line":80,"column":23}},"80":{"start":{"line":81,"column":0},"end":{"line":81,"column":4}},"81":{"start":{"line":82,"column":0},"end":{"line":82,"column":3}}},"s":{"1":0,"2":0,"9":0,"10":0,"11":0,"13":0,"20":0,"21":0,"22":0,"23":0,"24":0,"25":0,"26":0,"27":0,"28":0,"29":0,"30":0,"31":0,"32":0,"33":0,"34":0,"35":0,"36":0,"37":0,"38":0,"39":0,"40":0,"41":0,"42":0,"43":0,"44":0,"46":0,"47":0,"48":0,"49":0,"50":0,"51":0,"52":0,"53":0,"54":0,"55":0,"56":0,"57":0,"58":0,"59":0,"60":0,"61":0,"62":0,"63":0,"65":0,"67":0,"68":0,"69":0,"70":0,"71":0,"72":0,"73":0,"74":0,"75":0,"76":0,"77":0,"78":0,"79":0,"80":0,"81":0},"branchMap":{"0":{"type":"branch","line":1,"loc":{"start":{"line":1,"column":2147},"end":{"line":82,"column":3}},"locations":[{"start":{"line":1,"column":2147},"end":{"line":82,"column":3}}]}},"b":{"0":[1]},"fnMap":{"0":{"name":"(empty-report)","decl":{"start":{"line":1,"column":2147},"end":{"line":82,"column":3}},"loc":{"start":{"line":1,"column":2147},"end":{"line":82,"column":3}},"line":1}},"f":{"0":1}}
,"/Users/kazuya.miura/Develop/soyokaze/components/segment-detail-dialog.tsx": {"path":"/Users/kazuya.miura/Develop/soyokaze/components/segment-detail-dialog.tsx","all":true,"statementMap":{"0":{"start":{"line":1,"column":0},"end":{"line":1,"column":26}},"1":{"start":{"line":2,"column":0},"end":{"line":2,"column":48}},"2":{"start":{"line":3,"column":0},"end":{"line":3,"column":90}},"3":{"start":{"line":4,"column":0},"end":{"line":4,"column":69}},"4":{"start":{"line":5,"column":0},"end":{"line":5,"column":54}},"5":{"start":{"line":6,"column":0},"end":{"line":6,"column":45}},"6":{"start":{"line":7,"column":0},"end":{"line":7,"column":52}},"23":{"start":{"line":24,"column":0},"end":{"line":24,"column":96}},"24":{"start":{"line":25,"column":0},"end":{"line":25,"column":31}},"26":{"start":{"line":27,"column":0},"end":{"line":27,"column":28}},"28":{"start":{"line":29,"column":0},"end":{"line":29,"column":38}},"29":{"start":{"line":30,"column":0},"end":{"line":30,"column":45}},"30":{"start":{"line":31,"column":0},"end":{"line":31,"column":22}},"31":{"start":{"line":32,"column":0},"end":{"line":32,"column":20}},"32":{"start":{"line":33,"column":0},"end":{"line":33,"column":21}},"33":{"start":{"line":34,"column":0},"end":{"line":34,"column":22}},"34":{"start":{"line":35,"column":0},"end":{"line":35,"column":7}},"35":{"start":{"line":36,"column":0},"end":{"line":36,"column":4}},"37":{"start":{"line":38,"column":0},"end":{"line":38,"column":38}},"38":{"start":{"line":39,"column":0},"end":{"line":39,"column":45}},"39":{"start":{"line":40,"column":0},"end":{"line":40,"column":22}},"40":{"start":{"line":41,"column":0},"end":{"line":41,"column":24}},"41":{"start":{"line":42,"column":0},"end":{"line":42,"column":7}},"42":{"start":{"line":43,"column":0},"end":{"line":43,"column":4}},"44":{"start":{"line":45,"column":0},"end":{"line":45,"column":10}},"45":{"start":{"line":46,"column":0},"end":{"line":46,"column":73}},"46":{"start":{"line":47,"column":0},"end":{"line":47,"column":21}},"47":{"start":{"line":48,"column":0},"end":{"line":48,"column":22}},"48":{"start":{"line":49,"column":0},"end":{"line":49,"column":52}},"49":{"start":{"line":50,"column":0},"end":{"line":50,"column":23}},"51":{"start":{"line":52,"column":0},"end":{"line":52,"column":37}},"52":{"start":{"line":53,"column":0},"end":{"line":53,"column":57}},"53":{"start":{"line":54,"column":0},"end":{"line":54,"column":24}},"54":{"start":{"line":55,"column":0},"end":{"line":55,"column":49}},"55":{"start":{"line":56,"column":0},"end":{"line":56,"column":28}},"56":{"start":{"line":57,"column":0},"end":{"line":57,"column":34}},"57":{"start":{"line":58,"column":0},"end":{"line":58,"column":74}},"59":{"start":{"line":60,"column":0},"end":{"line":60,"column":44}},"60":{"start":{"line":61,"column":0},"end":{"line":61,"column":29}},"61":{"start":{"line":62,"column":0},"end":{"line":62,"column":28}},"62":{"start":{"line":63,"column":0},"end":{"line":63,"column":33}},"63":{"start":{"line":64,"column":0},"end":{"line":64,"column":76}},"65":{"start":{"line":66,"column":0},"end":{"line":66,"column":49}},"66":{"start":{"line":67,"column":0},"end":{"line":67,"column":29}},"67":{"start":{"line":68,"column":0},"end":{"line":68,"column":21}},"68":{"start":{"line":69,"column":0},"end":{"line":69,"column":25}},"70":{"start":{"line":71,"column":0},"end":{"line":71,"column":25}},"71":{"start":{"line":72,"column":0},"end":{"line":72,"column":63}},"72":{"start":{"line":73,"column":0},"end":{"line":73,"column":53}},"73":{"start":{"line":74,"column":0},"end":{"line":74,"column":30}},"74":{"start":{"line":75,"column":0},"end":{"line":75,"column":43}},"75":{"start":{"line":76,"column":0},"end":{"line":76,"column":80}},"76":{"start":{"line":77,"column":0},"end":{"line":77,"column":19}},"78":{"start":{"line":79,"column":0},"end":{"line":79,"column":31}},"79":{"start":{"line":80,"column":0},"end":{"line":80,"column":49}},"80":{"start":{"line":81,"column":0},"end":{"line":81,"column":59}},"81":{"start":{"line":82,"column":0},"end":{"line":82,"column":28}},"82":{"start":{"line":83,"column":0},"end":{"line":83,"column":36}},"83":{"start":{"line":84,"column":0},"end":{"line":84,"column":32}},"84":{"start":{"line":85,"column":0},"end":{"line":85,"column":51}},"85":{"start":{"line":86,"column":0},"end":{"line":86,"column":73}},"86":{"start":{"line":87,"column":0},"end":{"line":87,"column":26}},"88":{"start":{"line":89,"column":0},"end":{"line":89,"column":36}},"89":{"start":{"line":90,"column":0},"end":{"line":90,"column":41}},"90":{"start":{"line":91,"column":0},"end":{"line":91,"column":85}},"91":{"start":{"line":92,"column":0},"end":{"line":92,"column":25}},"92":{"start":{"line":93,"column":0},"end":{"line":93,"column":40}},"93":{"start":{"line":94,"column":0},"end":{"line":94,"column":37}},"94":{"start":{"line":95,"column":0},"end":{"line":95,"column":29}},"95":{"start":{"line":96,"column":0},"end":{"line":96,"column":23}},"96":{"start":{"line":97,"column":0},"end":{"line":97,"column":25}},"97":{"start":{"line":98,"column":0},"end":{"line":98,"column":23}},"100":{"start":{"line":101,"column":0},"end":{"line":101,"column":52}},"101":{"start":{"line":102,"column":0},"end":{"line":102,"column":28}},"102":{"start":{"line":103,"column":0},"end":{"line":103,"column":41}},"103":{"start":{"line":104,"column":0},"end":{"line":104,"column":78}},"104":{"start":{"line":105,"column":0},"end":{"line":105,"column":17}},"106":{"start":{"line":107,"column":0},"end":{"line":107,"column":29}},"107":{"start":{"line":108,"column":0},"end":{"line":108,"column":28}},"108":{"start":{"line":109,"column":0},"end":{"line":109,"column":33}},"109":{"start":{"line":110,"column":0},"end":{"line":110,"column":80}},"111":{"start":{"line":112,"column":0},"end":{"line":112,"column":35}},"112":{"start":{"line":113,"column":0},"end":{"line":113,"column":29}},"113":{"start":{"line":114,"column":0},"end":{"line":114,"column":21}},"114":{"start":{"line":115,"column":0},"end":{"line":115,"column":26}},"115":{"start":{"line":116,"column":0},"end":{"line":116,"column":17}},"116":{"start":{"line":117,"column":0},"end":{"line":117,"column":15}},"117":{"start":{"line":118,"column":0},"end":{"line":118,"column":22}},"118":{"start":{"line":119,"column":0},"end":{"line":119,"column":13}},"120":{"start":{"line":121,"column":0},"end":{"line":121,"column":1}},"122":{"start":{"line":123,"column":0},"end":{"line":123,"column":34}},"123":{"start":{"line":124,"column":0},"end":{"line":124,"column":12}},"124":{"start":{"line":125,"column":0},"end":{"line":125,"column":12}},"125":{"start":{"line":126,"column":0},"end":{"line":126,"column":34}},"126":{"start":{"line":127,"column":0},"end":{"line":127,"column":4}},"127":{"start":{"line":128,"column":0},"end":{"line":128,"column":15}},"128":{"start":{"line":129,"column":0},"end":{"line":129,"column":29}},"129":{"start":{"line":130,"column":0},"end":{"line":130,"column":4}},"130":{"start":{"line":131,"column":0},"end":{"line":131,"column":18}},"131":{"start":{"line":132,"column":0},"end":{"line":132,"column":25}},"132":{"start":{"line":133,"column":0},"end":{"line":133,"column":29}},"133":{"start":{"line":134,"column":0},"end":{"line":134,"column":4}},"134":{"start":{"line":135,"column":0},"end":{"line":135,"column":13}},"135":{"start":{"line":136,"column":0},"end":{"line":136,"column":17}},"136":{"start":{"line":137,"column":0},"end":{"line":137,"column":22}},"137":{"start":{"line":138,"column":0},"end":{"line":138,"column":29}},"138":{"start":{"line":139,"column":0},"end":{"line":139,"column":4}},"139":{"start":{"line":140,"column":0},"end":{"line":140,"column":13}},"140":{"start":{"line":141,"column":0},"end":{"line":141,"column":17}},"141":{"start":{"line":142,"column":0},"end":{"line":142,"column":4}},"142":{"start":{"line":143,"column":0},"end":{"line":143,"column":20}},"143":{"start":{"line":144,"column":0},"end":{"line":144,"column":29}},"144":{"start":{"line":145,"column":0},"end":{"line":145,"column":4}},"145":{"start":{"line":146,"column":0},"end":{"line":146,"column":17}},"146":{"start":{"line":147,"column":0},"end":{"line":147,"column":17}},"147":{"start":{"line":148,"column":0},"end":{"line":148,"column":29}},"148":{"start":{"line":149,"column":0},"end":{"line":149,"column":4}},"149":{"start":{"line":150,"column":0},"end":{"line":150,"column":14}},"150":{"start":{"line":151,"column":0},"end":{"line":151,"column":25}},"151":{"start":{"line":152,"column":0},"end":{"line":152,"column":21}},"152":{"start":{"line":153,"column":0},"end":{"line":153,"column":20}},"153":{"start":{"line":154,"column":0},"end":{"line":154,"column":4}},"154":{"start":{"line":155,"column":0},"end":{"line":155,"column":21}},"155":{"start":{"line":156,"column":0},"end":{"line":156,"column":14}},"156":{"start":{"line":157,"column":0},"end":{"line":157,"column":15}},"157":{"start":{"line":158,"column":0},"end":{"line":158,"column":20}},"158":{"start":{"line":159,"column":0},"end":{"line":159,"column":25}},"159":{"start":{"line":160,"column":0},"end":{"line":160,"column":29}},"160":{"start":{"line":161,"column":0},"end":{"line":161,"column":4}},"161":{"start":{"line":162,"column":0},"end":{"line":162,"column":14}},"162":{"start":{"line":163,"column":0},"end":{"line":163,"column":17}},"163":{"start":{"line":164,"column":0},"end":{"line":164,"column":4}},"164":{"start":{"line":165,"column":0},"end":{"line":165,"column":21}},"165":{"start":{"line":166,"column":0},"end":{"line":166,"column":12}},"166":{"start":{"line":167,"column":0},"end":{"line":167,"column":4}},"167":{"start":{"line":168,"column":0},"end":{"line":168,"column":19}},"168":{"start":{"line":169,"column":0},"end":{"line":169,"column":17}},"169":{"start":{"line":170,"column":0},"end":{"line":170,"column":19}},"170":{"start":{"line":171,"column":0},"end":{"line":171,"column":4}},"171":{"start":{"line":172,"column":0},"end":{"line":172,"column":3}}},"s":{"0":0,"1":0,"2":0,"3":0,"4":0,"5":0,"6":0,"23":0,"24":0,"26":0,"28":0,"29":0,"30":0,"31":0,"32":0,"33":0,"34":0,"35":0,"37":0,"38":0,"39":0,"40":0,"41":0,"42":0,"44":0,"45":0,"46":0,"47":0,"48":0,"49":0,"51":0,"52":0,"53":0,"54":0,"55":0,"56":0,"57":0,"59":0,"60":0,"61":0,"62":0,"63":0,"65":0,"66":0,"67":0,"68":0,"70":0,"71":0,"72":0,"73":0,"74":0,"75":0,"76":0,"78":0,"79":0,"80":0,"81":0,"82":0,"83":0,"84":0,"85":0,"86":0,"88":0,"89":0,"90":0,"91":0,"92":0,"93":0,"94":0,"95":0,"96":0,"97":0,"100":0,"101":0,"102":0,"103":0,"104":0,"106":0,"107":0,"108":0,"109":0,"111":0,"112":0,"113":0,"114":0,"115":0,"116":0,"117":0,"118":0,"120":0,"122":0,"123":0,"124":0,"125":0,"126":0,"127":0,"128":0,"129":0,"130":0,"131":0,"132":0,"133":0,"134":0,"135":0,"136":0,"137":0,"138":0,"139":0,"140":0,"141":0,"142":0,"143":0,"144":0,"145":0,"146":0,"147":0,"148":0,"149":0,"150":0,"151":0,"152":0,"153":0,"154":0,"155":0,"156":0,"157":0,"158":0,"159":0,"160":0,"161":0,"162":0,"163":0,"164":0,"165":0,"166":0,"167":0,"168":0,"169":0,"170":0,"171":0},"branchMap":{"0":{"type":"branch","line":1,"loc":{"start":{"line":1,"column":4714},"end":{"line":172,"column":3}},"locations":[{"start":{"line":1,"column":4714},"end":{"line":172,"column":3}}]}},"b":{"0":[0]},"fnMap":{"0":{"name":"(empty-report)","decl":{"start":{"line":1,"column":4714},"end":{"line":172,"column":3}},"loc":{"start":{"line":1,"column":4714},"end":{"line":172,"column":3}},"line":1}},"f":{"0":0}}
,"/Users/kazuya.miura/Develop/soyokaze/components/themed-text.tsx": {"path":"/Users/kazuya.miura/Develop/soyokaze/components/themed-text.tsx","all":true,"statementMap":{"0":{"start":{"line":1,"column":0},"end":{"line":1,"column":52}},"2":{"start":{"line":3,"column":0},"end":{"line":3,"column":56}},"3":{"start":{"line":4,"column":0},"end":{"line":4,"column":54}},"11":{"start":{"line":12,"column":0},"end":{"line":12,"column":28}},"12":{"start":{"line":13,"column":0},"end":{"line":13,"column":8}},"13":{"start":{"line":14,"column":0},"end":{"line":14,"column":13}},"14":{"start":{"line":15,"column":0},"end":{"line":15,"column":12}},"15":{"start":{"line":16,"column":0},"end":{"line":16,"column":19}},"16":{"start":{"line":17,"column":0},"end":{"line":17,"column":9}},"17":{"start":{"line":18,"column":0},"end":{"line":18,"column":21}},"18":{"start":{"line":19,"column":0},"end":{"line":19,"column":78}},"21":{"start":{"line":22,"column":0},"end":{"line":22,"column":30}},"22":{"start":{"line":23,"column":0},"end":{"line":23,"column":19}},"23":{"start":{"line":24,"column":0},"end":{"line":24,"column":16}},"24":{"start":{"line":25,"column":0},"end":{"line":25,"column":35}},"25":{"start":{"line":26,"column":0},"end":{"line":26,"column":16}},"26":{"start":{"line":27,"column":0},"end":{"line":27,"column":35}},"27":{"start":{"line":28,"column":0},"end":{"line":28,"column":16}},"28":{"start":{"line":29,"column":0},"end":{"line":29,"column":35}},"29":{"start":{"line":30,"column":0},"end":{"line":30,"column":16}},"30":{"start":{"line":31,"column":0},"end":{"line":31,"column":35}},"31":{"start":{"line":32,"column":0},"end":{"line":32,"column":16}},"32":{"start":{"line":33,"column":0},"end":{"line":33,"column":35}},"33":{"start":{"line":34,"column":0},"end":{"line":34,"column":16}},"34":{"start":{"line":35,"column":0},"end":{"line":35,"column":35}},"35":{"start":{"line":36,"column":0},"end":{"line":36,"column":19}},"36":{"start":{"line":37,"column":0},"end":{"line":37,"column":61}},"37":{"start":{"line":38,"column":0},"end":{"line":38,"column":22}},"38":{"start":{"line":39,"column":0},"end":{"line":39,"column":61}},"39":{"start":{"line":40,"column":0},"end":{"line":40,"column":23}},"40":{"start":{"line":41,"column":0},"end":{"line":41,"column":42}},"41":{"start":{"line":42,"column":0},"end":{"line":42,"column":18}},"42":{"start":{"line":43,"column":0},"end":{"line":43,"column":37}},"43":{"start":{"line":44,"column":0},"end":{"line":44,"column":23}},"44":{"start":{"line":45,"column":0},"end":{"line":45,"column":42}},"45":{"start":{"line":46,"column":0},"end":{"line":46,"column":29}},"46":{"start":{"line":47,"column":0},"end":{"line":47,"column":98}},"47":{"start":{"line":48,"column":0},"end":{"line":48,"column":19}},"48":{"start":{"line":49,"column":0},"end":{"line":49,"column":38}},"49":{"start":{"line":50,"column":0},"end":{"line":50,"column":21}},"50":{"start":{"line":51,"column":0},"end":{"line":51,"column":40}},"51":{"start":{"line":52,"column":0},"end":{"line":52,"column":18}},"52":{"start":{"line":53,"column":0},"end":{"line":53,"column":37}},"53":{"start":{"line":54,"column":0},"end":{"line":54,"column":18}},"54":{"start":{"line":55,"column":0},"end":{"line":55,"column":37}},"55":{"start":{"line":56,"column":0},"end":{"line":56,"column":21}},"56":{"start":{"line":57,"column":0},"end":{"line":57,"column":14}},"57":{"start":{"line":58,"column":0},"end":{"line":58,"column":37}},"58":{"start":{"line":59,"column":0},"end":{"line":59,"column":5}},"59":{"start":{"line":60,"column":0},"end":{"line":60,"column":4}},"61":{"start":{"line":62,"column":0},"end":{"line":62,"column":10}},"62":{"start":{"line":63,"column":0},"end":{"line":63,"column":9}},"63":{"start":{"line":64,"column":0},"end":{"line":64,"column":14}},"64":{"start":{"line":65,"column":0},"end":{"line":65,"column":18}},"65":{"start":{"line":66,"column":0},"end":{"line":66,"column":23}},"66":{"start":{"line":67,"column":0},"end":{"line":67,"column":14}},"67":{"start":{"line":68,"column":0},"end":{"line":68,"column":8}},"68":{"start":{"line":69,"column":0},"end":{"line":69,"column":15}},"69":{"start":{"line":70,"column":0},"end":{"line":70,"column":6}},"71":{"start":{"line":72,"column":0},"end":{"line":72,"column":1}}},"s":{"0":0,"2":0,"3":0,"11":0,"12":0,"13":0,"14":0,"15":0,"16":0,"17":0,"18":0,"21":0,"22":0,"23":0,"24":0,"25":0,"26":0,"27":0,"28":0,"29":0,"30":0,"31":0,"32":0,"33":0,"34":0,"35":0,"36":0,"37":0,"38":0,"39":0,"40":0,"41":0,"42":0,"43":0,"44":0,"45":0,"46":0,"47":0,"48":0,"49":0,"50":0,"51":0,"52":0,"53":0,"54":0,"55":0,"56":0,"57":0,"58":0,"59":0,"61":0,"62":0,"63":0,"64":0,"65":0,"66":0,"67":0,"68":0,"69":0,"71":0},"branchMap":{"0":{"type":"branch","line":1,"loc":{"start":{"line":1,"column":1979},"end":{"line":72,"column":1}},"locations":[{"start":{"line":1,"column":1979},"end":{"line":72,"column":1}}]}},"b":{"0":[0]},"fnMap":{"0":{"name":"(empty-report)","decl":{"start":{"line":1,"column":1979},"end":{"line":72,"column":1}},"loc":{"start":{"line":1,"column":1979},"end":{"line":72,"column":1}},"line":1}},"f":{"0":0}}
,"/Users/kazuya.miura/Develop/soyokaze/components/themed-view.tsx": {"path":"/Users/kazuya.miura/Develop/soyokaze/components/themed-view.tsx","all":true,"statementMap":{"0":{"start":{"line":1,"column":0},"end":{"line":1,"column":52}},"2":{"start":{"line":3,"column":0},"end":{"line":3,"column":56}},"9":{"start":{"line":10,"column":0},"end":{"line":10,"column":94}},"10":{"start":{"line":11,"column":0},"end":{"line":11,"column":94}},"12":{"start":{"line":13,"column":0},"end":{"line":13,"column":71}},"13":{"start":{"line":14,"column":0},"end":{"line":14,"column":1}}},"s":{"0":0,"2":0,"9":0,"10":0,"12":0,"13":0},"branchMap":{"0":{"type":"branch","line":1,"loc":{"start":{"line":1,"column":469},"end":{"line":14,"column":1}},"locations":[{"start":{"line":1,"column":469},"end":{"line":14,"column":1}}]}},"b":{"0":[0]},"fnMap":{"0":{"name":"(empty-report)","decl":{"start":{"line":1,"column":469},"end":{"line":14,"column":1}},"loc":{"start":{"line":1,"column":469},"end":{"line":14,"column":1}},"line":1}},"f":{"0":0}}
,"/Users/kazuya.miura/Develop/soyokaze/components/layouts/header.tsx": {"path":"/Users/kazuya.miura/Develop/soyokaze/components/layouts/header.tsx","all":true,"statementMap":{"0":{"start":{"line":1,"column":0},"end":{"line":1,"column":68}},"1":{"start":{"line":2,"column":0},"end":{"line":2,"column":67}},"2":{"start":{"line":3,"column":0},"end":{"line":3,"column":37}},"4":{"start":{"line":5,"column":0},"end":{"line":5,"column":54}},"5":{"start":{"line":6,"column":0},"end":{"line":6,"column":54}},"6":{"start":{"line":7,"column":0},"end":{"line":7,"column":68}},"7":{"start":{"line":8,"column":0},"end":{"line":8,"column":56}},"8":{"start":{"line":9,"column":0},"end":{"line":9,"column":58}},"24":{"start":{"line":25,"column":0},"end":{"line":25,"column":24}},"25":{"start":{"line":26,"column":0},"end":{"line":26,"column":8}},"26":{"start":{"line":27,"column":0},"end":{"line":27,"column":14}},"27":{"start":{"line":28,"column":0},"end":{"line":28,"column":15}},"28":{"start":{"line":29,"column":0},"end":{"line":29,"column":20}},"29":{"start":{"line":30,"column":0},"end":{"line":30,"column":20}},"30":{"start":{"line":31,"column":0},"end":{"line":31,"column":18}},"31":{"start":{"line":32,"column":0},"end":{"line":32,"column":13}},"32":{"start":{"line":33,"column":0},"end":{"line":33,"column":16}},"33":{"start":{"line":34,"column":0},"end":{"line":34,"column":21}},"34":{"start":{"line":35,"column":0},"end":{"line":35,"column":10}},"35":{"start":{"line":36,"column":0},"end":{"line":36,"column":21}},"36":{"start":{"line":37,"column":0},"end":{"line":37,"column":17}},"37":{"start":{"line":38,"column":0},"end":{"line":38,"column":37}},"38":{"start":{"line":39,"column":0},"end":{"line":39,"column":50}},"39":{"start":{"line":40,"column":0},"end":{"line":40,"column":64}},"40":{"start":{"line":41,"column":0},"end":{"line":41,"column":39}},"42":{"start":{"line":43,"column":0},"end":{"line":43,"column":50}},"44":{"start":{"line":45,"column":0},"end":{"line":45,"column":33}},"45":{"start":{"line":46,"column":0},"end":{"line":46,"column":27}},"46":{"start":{"line":47,"column":0},"end":{"line":47,"column":39}},"47":{"start":{"line":48,"column":0},"end":{"line":48,"column":28}},"48":{"start":{"line":49,"column":0},"end":{"line":49,"column":29}},"49":{"start":{"line":50,"column":0},"end":{"line":50,"column":8}},"50":{"start":{"line":51,"column":0},"end":{"line":51,"column":16}},"52":{"start":{"line":53,"column":0},"end":{"line":53,"column":26}},"53":{"start":{"line":54,"column":0},"end":{"line":54,"column":21}},"54":{"start":{"line":55,"column":0},"end":{"line":55,"column":26}},"55":{"start":{"line":56,"column":0},"end":{"line":56,"column":5}},"56":{"start":{"line":57,"column":0},"end":{"line":57,"column":42}},"57":{"start":{"line":58,"column":0},"end":{"line":58,"column":45}},"58":{"start":{"line":59,"column":0},"end":{"line":59,"column":6}},"59":{"start":{"line":60,"column":0},"end":{"line":60,"column":53}},"60":{"start":{"line":61,"column":0},"end":{"line":61,"column":35}},"61":{"start":{"line":62,"column":0},"end":{"line":62,"column":21}},"62":{"start":{"line":63,"column":0},"end":{"line":63,"column":50}},"63":{"start":{"line":64,"column":0},"end":{"line":64,"column":18}},"64":{"start":{"line":65,"column":0},"end":{"line":65,"column":7}},"65":{"start":{"line":66,"column":0},"end":{"line":66,"column":4}},"67":{"start":{"line":68,"column":0},"end":{"line":68,"column":60}},"68":{"start":{"line":69,"column":0},"end":{"line":69,"column":40}},"69":{"start":{"line":70,"column":0},"end":{"line":70,"column":7}},"70":{"start":{"line":71,"column":0},"end":{"line":71,"column":16}},"71":{"start":{"line":72,"column":0},"end":{"line":72,"column":25}},"72":{"start":{"line":73,"column":0},"end":{"line":73,"column":65}},"73":{"start":{"line":74,"column":0},"end":{"line":74,"column":10}},"74":{"start":{"line":75,"column":0},"end":{"line":75,"column":33}},"75":{"start":{"line":76,"column":0},"end":{"line":76,"column":56}},"76":{"start":{"line":77,"column":0},"end":{"line":77,"column":7}},"77":{"start":{"line":78,"column":0},"end":{"line":78,"column":7}},"78":{"start":{"line":79,"column":0},"end":{"line":79,"column":16}},"79":{"start":{"line":80,"column":0},"end":{"line":80,"column":25}},"80":{"start":{"line":81,"column":0},"end":{"line":81,"column":72}},"81":{"start":{"line":82,"column":0},"end":{"line":82,"column":10}},"82":{"start":{"line":83,"column":0},"end":{"line":83,"column":8}},"84":{"start":{"line":85,"column":0},"end":{"line":85,"column":10}},"85":{"start":{"line":86,"column":0},"end":{"line":86,"column":6}},"86":{"start":{"line":87,"column":0},"end":{"line":87,"column":22}},"87":{"start":{"line":88,"column":0},"end":{"line":88,"column":22}},"88":{"start":{"line":89,"column":0},"end":{"line":89,"column":18}},"89":{"start":{"line":90,"column":0},"end":{"line":90,"column":27}},"90":{"start":{"line":91,"column":0},"end":{"line":91,"column":13}},"91":{"start":{"line":92,"column":0},"end":{"line":92,"column":72}},"92":{"start":{"line":93,"column":0},"end":{"line":93,"column":49}},"93":{"start":{"line":94,"column":0},"end":{"line":94,"column":35}},"94":{"start":{"line":95,"column":0},"end":{"line":95,"column":36}},"95":{"start":{"line":96,"column":0},"end":{"line":96,"column":37}},"96":{"start":{"line":97,"column":0},"end":{"line":97,"column":17}},"97":{"start":{"line":98,"column":0},"end":{"line":98,"column":14}},"98":{"start":{"line":99,"column":0},"end":{"line":99,"column":12}},"100":{"start":{"line":101,"column":0},"end":{"line":101,"column":39}},"101":{"start":{"line":102,"column":0},"end":{"line":102,"column":45}},"102":{"start":{"line":103,"column":0},"end":{"line":103,"column":27}},"103":{"start":{"line":104,"column":0},"end":{"line":104,"column":19}},"105":{"start":{"line":106,"column":0},"end":{"line":106,"column":47}},"106":{"start":{"line":107,"column":0},"end":{"line":107,"column":25}},"107":{"start":{"line":108,"column":0},"end":{"line":108,"column":27}},"108":{"start":{"line":109,"column":0},"end":{"line":109,"column":27}},"109":{"start":{"line":110,"column":0},"end":{"line":110,"column":26}},"110":{"start":{"line":111,"column":0},"end":{"line":111,"column":33}},"111":{"start":{"line":112,"column":0},"end":{"line":112,"column":55}},"112":{"start":{"line":113,"column":0},"end":{"line":113,"column":20}},"113":{"start":{"line":114,"column":0},"end":{"line":114,"column":35}},"115":{"start":{"line":116,"column":0},"end":{"line":116,"column":25}},"116":{"start":{"line":117,"column":0},"end":{"line":117,"column":29}},"118":{"start":{"line":119,"column":0},"end":{"line":119,"column":19}},"120":{"start":{"line":121,"column":0},"end":{"line":121,"column":46}},"121":{"start":{"line":122,"column":0},"end":{"line":122,"column":28}},"122":{"start":{"line":123,"column":0},"end":{"line":123,"column":19}},"123":{"start":{"line":124,"column":0},"end":{"line":124,"column":17}},"124":{"start":{"line":125,"column":0},"end":{"line":125,"column":24}},"127":{"start":{"line":128,"column":0},"end":{"line":128,"column":21}},"128":{"start":{"line":129,"column":0},"end":{"line":129,"column":16}},"129":{"start":{"line":130,"column":0},"end":{"line":130,"column":49}},"130":{"start":{"line":131,"column":0},"end":{"line":131,"column":99}},"131":{"start":{"line":132,"column":0},"end":{"line":132,"column":10}},"133":{"start":{"line":134,"column":0},"end":{"line":134,"column":49}},"134":{"start":{"line":135,"column":0},"end":{"line":135,"column":39}},"135":{"start":{"line":136,"column":0},"end":{"line":136,"column":45}},"136":{"start":{"line":137,"column":0},"end":{"line":137,"column":27}},"137":{"start":{"line":138,"column":0},"end":{"line":138,"column":19}},"139":{"start":{"line":140,"column":0},"end":{"line":140,"column":47}},"140":{"start":{"line":141,"column":0},"end":{"line":141,"column":25}},"141":{"start":{"line":142,"column":0},"end":{"line":142,"column":27}},"142":{"start":{"line":143,"column":0},"end":{"line":143,"column":27}},"143":{"start":{"line":144,"column":0},"end":{"line":144,"column":26}},"144":{"start":{"line":145,"column":0},"end":{"line":145,"column":33}},"145":{"start":{"line":146,"column":0},"end":{"line":146,"column":55}},"146":{"start":{"line":147,"column":0},"end":{"line":147,"column":20}},"147":{"start":{"line":148,"column":0},"end":{"line":148,"column":35}},"149":{"start":{"line":150,"column":0},"end":{"line":150,"column":25}},"150":{"start":{"line":151,"column":0},"end":{"line":151,"column":29}},"152":{"start":{"line":153,"column":0},"end":{"line":153,"column":19}},"154":{"start":{"line":155,"column":0},"end":{"line":155,"column":46}},"155":{"start":{"line":156,"column":0},"end":{"line":156,"column":28}},"156":{"start":{"line":157,"column":0},"end":{"line":157,"column":19}},"157":{"start":{"line":158,"column":0},"end":{"line":158,"column":17}},"158":{"start":{"line":159,"column":0},"end":{"line":159,"column":25}},"159":{"start":{"line":160,"column":0},"end":{"line":160,"column":22}},"160":{"start":{"line":161,"column":0},"end":{"line":161,"column":7}},"162":{"start":{"line":163,"column":0},"end":{"line":163,"column":1}},"164":{"start":{"line":165,"column":0},"end":{"line":165,"column":34}},"165":{"start":{"line":166,"column":0},"end":{"line":166,"column":14}},"166":{"start":{"line":167,"column":0},"end":{"line":167,"column":48}},"167":{"start":{"line":168,"column":0},"end":{"line":168,"column":4}},"168":{"start":{"line":169,"column":0},"end":{"line":169,"column":10}},"169":{"start":{"line":170,"column":0},"end":{"line":170,"column":25}},"170":{"start":{"line":171,"column":0},"end":{"line":171,"column":11}},"171":{"start":{"line":172,"column":0},"end":{"line":172,"column":12}},"172":{"start":{"line":173,"column":0},"end":{"line":173,"column":13}},"173":{"start":{"line":174,"column":0},"end":{"line":174,"column":4}},"174":{"start":{"line":175,"column":0},"end":{"line":175,"column":12}},"175":{"start":{"line":176,"column":0},"end":{"line":176,"column":25}},"176":{"start":{"line":177,"column":0},"end":{"line":177,"column":25}},"177":{"start":{"line":178,"column":0},"end":{"line":178,"column":36}},"178":{"start":{"line":179,"column":0},"end":{"line":179,"column":34}},"179":{"start":{"line":180,"column":0},"end":{"line":180,"column":30}},"180":{"start":{"line":181,"column":0},"end":{"line":181,"column":27}},"181":{"start":{"line":182,"column":0},"end":{"line":182,"column":4}},"182":{"start":{"line":183,"column":0},"end":{"line":183,"column":16}},"183":{"start":{"line":184,"column":0},"end":{"line":184,"column":12}},"184":{"start":{"line":185,"column":0},"end":{"line":185,"column":25}},"185":{"start":{"line":186,"column":0},"end":{"line":186,"column":25}},"186":{"start":{"line":187,"column":0},"end":{"line":187,"column":33}},"187":{"start":{"line":188,"column":0},"end":{"line":188,"column":4}},"188":{"start":{"line":189,"column":0},"end":{"line":189,"column":18}},"189":{"start":{"line":190,"column":0},"end":{"line":190,"column":12}},"190":{"start":{"line":191,"column":0},"end":{"line":191,"column":25}},"191":{"start":{"line":192,"column":0},"end":{"line":192,"column":29}},"192":{"start":{"line":193,"column":0},"end":{"line":193,"column":4}},"193":{"start":{"line":194,"column":0},"end":{"line":194,"column":17}},"194":{"start":{"line":195,"column":0},"end":{"line":195,"column":12}},"195":{"start":{"line":196,"column":0},"end":{"line":196,"column":25}},"196":{"start":{"line":197,"column":0},"end":{"line":197,"column":25}},"197":{"start":{"line":198,"column":0},"end":{"line":198,"column":31}},"198":{"start":{"line":199,"column":0},"end":{"line":199,"column":4}},"199":{"start":{"line":200,"column":0},"end":{"line":200,"column":10}},"200":{"start":{"line":201,"column":0},"end":{"line":201,"column":24}},"201":{"start":{"line":202,"column":0},"end":{"line":202,"column":22}},"202":{"start":{"line":203,"column":0},"end":{"line":203,"column":4}},"203":{"start":{"line":204,"column":0},"end":{"line":204,"column":3}}},"s":{"0":0,"1":0,"2":0,"4":0,"5":0,"6":0,"7":0,"8":0,"24":0,"25":0,"26":0,"27":0,"28":0,"29":0,"30":0,"31":0,"32":0,"33":0,"34":0,"35":0,"36":0,"37":0,"38":0,"39":0,"40":0,"42":0,"44":0,"45":0,"46":0,"47":0,"48":0,"49":0,"50":0,"52":0,"53":0,"54":0,"55":0,"56":0,"57":0,"58":0,"59":0,"60":0,"61":0,"62":0,"63":0,"64":0,"65":0,"67":0,"68":0,"69":0,"70":0,"71":0,"72":0,"73":0,"74":0,"75":0,"76":0,"77":0,"78":0,"79":0,"80":0,"81":0,"82":0,"84":0,"85":0,"86":0,"87":0,"88":0,"89":0,"90":0,"91":0,"92":0,"93":0,"94":0,"95":0,"96":0,"97":0,"98":0,"100":0,"101":0,"102":0,"103":0,"105":0,"106":0,"107":0,"108":0,"109":0,"110":0,"111":0,"112":0,"113":0,"115":0,"116":0,"118":0,"120":0,"121":0,"122":0,"123":0,"124":0,"127":0,"128":0,"129":0,"130":0,"131":0,"133":0,"134":0,"135":0,"136":0,"137":0,"139":0,"140":0,"141":0,"142":0,"143":0,"144":0,"145":0,"146":0,"147":0,"149":0,"150":0,"152":0,"154":0,"155":0,"156":0,"157":0,"158":0,"159":0,"160":0,"162":0,"164":0,"165":0,"166":0,"167":0,"168":0,"169":0,"170":0,"171":0,"172":0,"173":0,"174":0,"175":0,"176":0,"177":0,"178":0,"179":0,"180":0,"181":0,"182":0,"183":0,"184":0,"185":0,"186":0,"187":0,"188":0,"189":0,"190":0,"191":0,"192":0,"193":0,"194":0,"195":0,"196":0,"197":0,"198":0,"199":0,"200":0,"201":0,"202":0,"203":0},"branchMap":{"0":{"type":"branch","line":1,"loc":{"start":{"line":1,"column":5239},"end":{"line":204,"column":3}},"locations":[{"start":{"line":1,"column":5239},"end":{"line":204,"column":3}}]}},"b":{"0":[0]},"fnMap":{"0":{"name":"(empty-report)","decl":{"start":{"line":1,"column":5239},"end":{"line":204,"column":3}},"loc":{"start":{"line":1,"column":5239},"end":{"line":204,"column":3}},"line":1}},"f":{"0":0}}
,"/Users/kazuya.miura/Develop/soyokaze/components/layouts/index.ts": {"path":"/Users/kazuya.miura/Develop/soyokaze/components/layouts/index.ts","all":true,"statementMap":{"0":{"start":{"line":1,"column":0},"end":{"line":1,"column":34}}},"s":{"0":0},"branchMap":{"0":{"type":"branch","line":1,"loc":{"start":{"line":1,"column":34},"end":{"line":1,"column":34}},"locations":[{"start":{"line":1,"column":34},"end":{"line":1,"column":34}}]}},"b":{"0":[0]},"fnMap":{"0":{"name":"(empty-report)","decl":{"start":{"line":1,"column":34},"end":{"line":1,"column":34}},"loc":{"start":{"line":1,"column":34},"end":{"line":1,"column":34}},"line":1}},"f":{"0":0}}
,"/Users/kazuya.miura/Develop/soyokaze/components/ui/button.tsx": {"path":"/Users/kazuya.miura/Develop/soyokaze/components/ui/button.tsx","all":true,"statementMap":{"0":{"start":{"line":1,"column":0},"end":{"line":1,"column":82}},"1":{"start":{"line":2,"column":0},"end":{"line":2,"column":71}},"2":{"start":{"line":3,"column":0},"end":{"line":3,"column":45}},"3":{"start":{"line":4,"column":0},"end":{"line":4,"column":54}},"4":{"start":{"line":5,"column":0},"end":{"line":5,"column":57}},"5":{"start":{"line":6,"column":0},"end":{"line":6,"column":57}},"21":{"start":{"line":22,"column":0},"end":{"line":22,"column":24}},"22":{"start":{"line":23,"column":0},"end":{"line":23,"column":8}},"23":{"start":{"line":24,"column":0},"end":{"line":24,"column":22}},"24":{"start":{"line":25,"column":0},"end":{"line":25,"column":18}},"25":{"start":{"line":26,"column":0},"end":{"line":26,"column":20}},"26":{"start":{"line":27,"column":0},"end":{"line":27,"column":18}},"27":{"start":{"line":28,"column":0},"end":{"line":28,"column":7}},"28":{"start":{"line":29,"column":0},"end":{"line":29,"column":19}},"29":{"start":{"line":30,"column":0},"end":{"line":30,"column":8}},"30":{"start":{"line":31,"column":0},"end":{"line":31,"column":11}},"31":{"start":{"line":32,"column":0},"end":{"line":32,"column":9}},"32":{"start":{"line":33,"column":0},"end":{"line":33,"column":17}},"33":{"start":{"line":34,"column":0},"end":{"line":34,"column":31}},"35":{"start":{"line":36,"column":0},"end":{"line":36,"column":34}},"36":{"start":{"line":37,"column":0},"end":{"line":37,"column":22}},"37":{"start":{"line":38,"column":0},"end":{"line":38,"column":21}},"38":{"start":{"line":39,"column":0},"end":{"line":39,"column":16}},"39":{"start":{"line":40,"column":0},"end":{"line":40,"column":35}},"40":{"start":{"line":41,"column":0},"end":{"line":41,"column":39}},"41":{"start":{"line":42,"column":0},"end":{"line":42,"column":34}},"42":{"start":{"line":43,"column":0},"end":{"line":43,"column":10}},"43":{"start":{"line":44,"column":0},"end":{"line":44,"column":23}},"44":{"start":{"line":45,"column":0},"end":{"line":45,"column":16}},"45":{"start":{"line":46,"column":0},"end":{"line":46,"column":35}},"46":{"start":{"line":47,"column":0},"end":{"line":47,"column":39}},"47":{"start":{"line":48,"column":0},"end":{"line":48,"column":41}},"48":{"start":{"line":49,"column":0},"end":{"line":49,"column":25}},"49":{"start":{"line":50,"column":0},"end":{"line":50,"column":44}},"50":{"start":{"line":51,"column":0},"end":{"line":51,"column":10}},"51":{"start":{"line":52,"column":0},"end":{"line":52,"column":21}},"52":{"start":{"line":53,"column":0},"end":{"line":53,"column":16}},"53":{"start":{"line":54,"column":0},"end":{"line":54,"column":41}},"54":{"start":{"line":55,"column":0},"end":{"line":55,"column":25}},"55":{"start":{"line":56,"column":0},"end":{"line":56,"column":31}},"56":{"start":{"line":57,"column":0},"end":{"line":57,"column":39}},"57":{"start":{"line":58,"column":0},"end":{"line":58,"column":34}},"58":{"start":{"line":59,"column":0},"end":{"line":59,"column":10}},"59":{"start":{"line":60,"column":0},"end":{"line":60,"column":19}},"60":{"start":{"line":61,"column":0},"end":{"line":61,"column":16}},"61":{"start":{"line":62,"column":0},"end":{"line":62,"column":41}},"62":{"start":{"line":63,"column":0},"end":{"line":63,"column":10}},"63":{"start":{"line":64,"column":0},"end":{"line":64,"column":21}},"64":{"start":{"line":65,"column":0},"end":{"line":65,"column":16}},"65":{"start":{"line":66,"column":0},"end":{"line":66,"column":48}},"66":{"start":{"line":67,"column":0},"end":{"line":67,"column":27}},"67":{"start":{"line":68,"column":0},"end":{"line":68,"column":10}},"68":{"start":{"line":69,"column":0},"end":{"line":69,"column":20}},"69":{"start":{"line":70,"column":0},"end":{"line":70,"column":16}},"70":{"start":{"line":71,"column":0},"end":{"line":71,"column":51}},"71":{"start":{"line":72,"column":0},"end":{"line":72,"column":27}},"72":{"start":{"line":73,"column":0},"end":{"line":73,"column":10}},"73":{"start":{"line":74,"column":0},"end":{"line":74,"column":14}},"74":{"start":{"line":75,"column":0},"end":{"line":75,"column":18}},"75":{"start":{"line":76,"column":0},"end":{"line":76,"column":5}},"76":{"start":{"line":77,"column":0},"end":{"line":77,"column":4}},"78":{"start":{"line":79,"column":0},"end":{"line":79,"column":31}},"79":{"start":{"line":80,"column":0},"end":{"line":80,"column":30}},"80":{"start":{"line":81,"column":0},"end":{"line":81,"column":21}},"81":{"start":{"line":82,"column":0},"end":{"line":82,"column":18}},"82":{"start":{"line":83,"column":0},"end":{"line":83,"column":42}},"83":{"start":{"line":84,"column":0},"end":{"line":84,"column":21}},"84":{"start":{"line":85,"column":0},"end":{"line":85,"column":45}},"85":{"start":{"line":86,"column":0},"end":{"line":86,"column":21}},"86":{"start":{"line":87,"column":0},"end":{"line":87,"column":45}},"87":{"start":{"line":88,"column":0},"end":{"line":88,"column":22}},"88":{"start":{"line":89,"column":0},"end":{"line":89,"column":16}},"89":{"start":{"line":90,"column":0},"end":{"line":90,"column":44}},"90":{"start":{"line":91,"column":0},"end":{"line":91,"column":7}},"91":{"start":{"line":92,"column":0},"end":{"line":92,"column":9}},"94":{"start":{"line":95,"column":0},"end":{"line":95,"column":19}},"95":{"start":{"line":96,"column":0},"end":{"line":96,"column":14}},"96":{"start":{"line":97,"column":0},"end":{"line":97,"column":21}},"97":{"start":{"line":98,"column":0},"end":{"line":98,"column":35}},"98":{"start":{"line":99,"column":0},"end":{"line":99,"column":36}},"99":{"start":{"line":100,"column":0},"end":{"line":100,"column":38}},"100":{"start":{"line":101,"column":0},"end":{"line":101,"column":38}},"101":{"start":{"line":102,"column":0},"end":{"line":102,"column":39}},"102":{"start":{"line":103,"column":0},"end":{"line":103,"column":27}},"103":{"start":{"line":104,"column":0},"end":{"line":104,"column":29}},"104":{"start":{"line":105,"column":0},"end":{"line":105,"column":29}},"105":{"start":{"line":106,"column":0},"end":{"line":106,"column":33}},"106":{"start":{"line":107,"column":0},"end":{"line":107,"column":37}},"107":{"start":{"line":108,"column":0},"end":{"line":108,"column":8}},"108":{"start":{"line":109,"column":0},"end":{"line":109,"column":5}},"111":{"start":{"line":112,"column":0},"end":{"line":112,"column":12}},"112":{"start":{"line":113,"column":0},"end":{"line":113,"column":19}},"113":{"start":{"line":114,"column":0},"end":{"line":114,"column":34}},"114":{"start":{"line":115,"column":0},"end":{"line":115,"column":37}},"115":{"start":{"line":116,"column":0},"end":{"line":116,"column":25}},"116":{"start":{"line":117,"column":0},"end":{"line":117,"column":27}},"117":{"start":{"line":118,"column":0},"end":{"line":118,"column":31}},"118":{"start":{"line":119,"column":0},"end":{"line":119,"column":6}},"119":{"start":{"line":120,"column":0},"end":{"line":120,"column":4}},"121":{"start":{"line":122,"column":0},"end":{"line":122,"column":30}},"122":{"start":{"line":123,"column":0},"end":{"line":123,"column":51}},"124":{"start":{"line":125,"column":0},"end":{"line":125,"column":22}},"125":{"start":{"line":126,"column":0},"end":{"line":126,"column":21}},"126":{"start":{"line":127,"column":0},"end":{"line":127,"column":25}},"127":{"start":{"line":128,"column":0},"end":{"line":128,"column":23}},"128":{"start":{"line":129,"column":0},"end":{"line":129,"column":34}},"129":{"start":{"line":130,"column":0},"end":{"line":130,"column":21}},"130":{"start":{"line":131,"column":0},"end":{"line":131,"column":35}},"131":{"start":{"line":132,"column":0},"end":{"line":132,"column":19}},"132":{"start":{"line":133,"column":0},"end":{"line":133,"column":35}},"133":{"start":{"line":134,"column":0},"end":{"line":134,"column":21}},"134":{"start":{"line":135,"column":0},"end":{"line":135,"column":40}},"135":{"start":{"line":136,"column":0},"end":{"line":136,"column":20}},"136":{"start":{"line":137,"column":0},"end":{"line":137,"column":40}},"137":{"start":{"line":138,"column":0},"end":{"line":138,"column":14}},"138":{"start":{"line":139,"column":0},"end":{"line":139,"column":34}},"139":{"start":{"line":140,"column":0},"end":{"line":140,"column":5}},"140":{"start":{"line":141,"column":0},"end":{"line":141,"column":4}},"142":{"start":{"line":143,"column":0},"end":{"line":143,"column":30}},"143":{"start":{"line":144,"column":0},"end":{"line":144,"column":19}},"144":{"start":{"line":145,"column":0},"end":{"line":145,"column":16}},"145":{"start":{"line":146,"column":0},"end":{"line":146,"column":41}},"146":{"start":{"line":147,"column":0},"end":{"line":147,"column":19}},"147":{"start":{"line":148,"column":0},"end":{"line":148,"column":44}},"148":{"start":{"line":149,"column":0},"end":{"line":149,"column":19}},"149":{"start":{"line":150,"column":0},"end":{"line":150,"column":44}},"150":{"start":{"line":151,"column":0},"end":{"line":151,"column":20}},"151":{"start":{"line":152,"column":0},"end":{"line":152,"column":14}},"152":{"start":{"line":153,"column":0},"end":{"line":153,"column":39}},"153":{"start":{"line":154,"column":0},"end":{"line":154,"column":5}},"154":{"start":{"line":155,"column":0},"end":{"line":155,"column":4}},"156":{"start":{"line":157,"column":0},"end":{"line":157,"column":29}},"157":{"start":{"line":158,"column":0},"end":{"line":158,"column":19}},"158":{"start":{"line":159,"column":0},"end":{"line":159,"column":16}},"159":{"start":{"line":160,"column":0},"end":{"line":160,"column":18}},"160":{"start":{"line":161,"column":0},"end":{"line":161,"column":19}},"161":{"start":{"line":162,"column":0},"end":{"line":162,"column":18}},"162":{"start":{"line":163,"column":0},"end":{"line":163,"column":19}},"163":{"start":{"line":164,"column":0},"end":{"line":164,"column":18}},"164":{"start":{"line":165,"column":0},"end":{"line":165,"column":20}},"165":{"start":{"line":166,"column":0},"end":{"line":166,"column":14}},"166":{"start":{"line":167,"column":0},"end":{"line":167,"column":18}},"167":{"start":{"line":168,"column":0},"end":{"line":168,"column":5}},"168":{"start":{"line":169,"column":0},"end":{"line":169,"column":4}},"170":{"start":{"line":171,"column":0},"end":{"line":171,"column":31}},"171":{"start":{"line":172,"column":0},"end":{"line":172,"column":18}},"172":{"start":{"line":173,"column":0},"end":{"line":173,"column":14}},"173":{"start":{"line":174,"column":0},"end":{"line":174,"column":72}},"175":{"start":{"line":176,"column":0},"end":{"line":176,"column":21}},"177":{"start":{"line":178,"column":0},"end":{"line":178,"column":5}},"179":{"start":{"line":180,"column":0},"end":{"line":180,"column":27}},"180":{"start":{"line":181,"column":0},"end":{"line":181,"column":14}},"181":{"start":{"line":182,"column":0},"end":{"line":182,"column":19}},"182":{"start":{"line":183,"column":0},"end":{"line":183,"column":21}},"183":{"start":{"line":184,"column":0},"end":{"line":184,"column":30}},"184":{"start":{"line":185,"column":0},"end":{"line":185,"column":32}},"185":{"start":{"line":186,"column":0},"end":{"line":186,"column":10}},"187":{"start":{"line":188,"column":0},"end":{"line":188,"column":5}},"189":{"start":{"line":190,"column":0},"end":{"line":190,"column":24}},"190":{"start":{"line":191,"column":0},"end":{"line":191,"column":14}},"191":{"start":{"line":192,"column":0},"end":{"line":192,"column":77}},"192":{"start":{"line":193,"column":0},"end":{"line":193,"column":21}},"193":{"start":{"line":194,"column":0},"end":{"line":194,"column":23}},"194":{"start":{"line":195,"column":0},"end":{"line":195,"column":32}},"195":{"start":{"line":196,"column":0},"end":{"line":196,"column":34}},"196":{"start":{"line":197,"column":0},"end":{"line":197,"column":12}},"197":{"start":{"line":198,"column":0},"end":{"line":198,"column":74}},"198":{"start":{"line":199,"column":0},"end":{"line":199,"column":19}},"199":{"start":{"line":200,"column":0},"end":{"line":200,"column":23}},"200":{"start":{"line":201,"column":0},"end":{"line":201,"column":15}},"202":{"start":{"line":203,"column":0},"end":{"line":203,"column":5}},"204":{"start":{"line":205,"column":0},"end":{"line":205,"column":16}},"205":{"start":{"line":206,"column":0},"end":{"line":206,"column":14}},"206":{"start":{"line":207,"column":0},"end":{"line":207,"column":72}},"207":{"start":{"line":208,"column":0},"end":{"line":208,"column":17}},"208":{"start":{"line":209,"column":0},"end":{"line":209,"column":21}},"210":{"start":{"line":211,"column":0},"end":{"line":211,"column":5}},"212":{"start":{"line":213,"column":0},"end":{"line":213,"column":16}},"213":{"start":{"line":214,"column":0},"end":{"line":214,"column":4}},"215":{"start":{"line":216,"column":0},"end":{"line":216,"column":10}},"216":{"start":{"line":217,"column":0},"end":{"line":217,"column":21}},"217":{"start":{"line":218,"column":0},"end":{"line":218,"column":14}},"218":{"start":{"line":219,"column":0},"end":{"line":219,"column":24}},"219":{"start":{"line":220,"column":0},"end":{"line":220,"column":27}},"220":{"start":{"line":221,"column":0},"end":{"line":221,"column":52}},"221":{"start":{"line":222,"column":0},"end":{"line":222,"column":37}},"222":{"start":{"line":223,"column":0},"end":{"line":223,"column":14}},"223":{"start":{"line":224,"column":0},"end":{"line":224,"column":8}},"224":{"start":{"line":225,"column":0},"end":{"line":225,"column":36}},"225":{"start":{"line":226,"column":0},"end":{"line":226,"column":15}},"227":{"start":{"line":228,"column":0},"end":{"line":228,"column":23}},"228":{"start":{"line":229,"column":0},"end":{"line":229,"column":23}},"230":{"start":{"line":231,"column":0},"end":{"line":231,"column":1}}},"s":{"0":0,"1":0,"2":0,"3":0,"4":0,"5":0,"21":0,"22":0,"23":0,"24":0,"25":0,"26":0,"27":0,"28":0,"29":0,"30":0,"31":0,"32":0,"33":0,"35":0,"36":0,"37":0,"38":0,"39":0,"40":0,"41":0,"42":0,"43":0,"44":0,"45":0,"46":0,"47":0,"48":0,"49":0,"50":0,"51":0,"52":0,"53":0,"54":0,"55":0,"56":0,"57":0,"58":0,"59":0,"60":0,"61":0,"62":0,"63":0,"64":0,"65":0,"66":0,"67":0,"68":0,"69":0,"70":0,"71":0,"72":0,"73":0,"74":0,"75":0,"76":0,"78":0,"79":0,"80":0,"81":0,"82":0,"83":0,"84":0,"85":0,"86":0,"87":0,"88":0,"89":0,"90":0,"91":0,"94":0,"95":0,"96":0,"97":0,"98":0,"99":0,"100":0,"101":0,"102":0,"103":0,"104":0,"105":0,"106":0,"107":0,"108":0,"111":0,"112":0,"113":0,"114":0,"115":0,"116":0,"117":0,"118":0,"119":0,"121":0,"122":0,"124":0,"125":0,"126":0,"127":0,"128":0,"129":0,"130":0,"131":0,"132":0,"133":0,"134":0,"135":0,"136":0,"137":0,"138":0,"139":0,"140":0,"142":0,"143":0,"144":0,"145":0,"146":0,"147":0,"148":0,"149":0,"150":0,"151":0,"152":0,"153":0,"154":0,"156":0,"157":0,"158":0,"159":0,"160":0,"161":0,"162":0,"163":0,"164":0,"165":0,"166":0,"167":0,"168":0,"170":0,"171":0,"172":0,"173":0,"175":0,"177":0,"179":0,"180":0,"181":0,"182":0,"183":0,"184":0,"185":0,"187":0,"189":0,"190":0,"191":0,"192":0,"193":0,"194":0,"195":0,"196":0,"197":0,"198":0,"199":0,"200":0,"202":0,"204":0,"205":0,"206":0,"207":0,"208":0,"210":0,"212":0,"213":0,"215":0,"216":0,"217":0,"218":0,"219":0,"220":0,"221":0,"222":0,"223":0,"224":0,"225":0,"227":0,"228":0,"230":0},"branchMap":{"0":{"type":"branch","line":1,"loc":{"start":{"line":1,"column":5539},"end":{"line":231,"column":1}},"locations":[{"start":{"line":1,"column":5539},"end":{"line":231,"column":1}}]}},"b":{"0":[0]},"fnMap":{"0":{"name":"(empty-report)","decl":{"start":{"line":1,"column":5539},"end":{"line":231,"column":1}},"loc":{"start":{"line":1,"column":5539},"end":{"line":231,"column":1}},"line":1}},"f":{"0":0}}
,"/Users/kazuya.miura/Develop/soyokaze/components/ui/card.tsx": {"path":"/Users/kazuya.miura/Develop/soyokaze/components/ui/card.tsx","all":true,"statementMap":{"0":{"start":{"line":1,"column":0},"end":{"line":1,"column":70}},"1":{"start":{"line":2,"column":0},"end":{"line":2,"column":45}},"2":{"start":{"line":3,"column":0},"end":{"line":3,"column":54}},"3":{"start":{"line":4,"column":0},"end":{"line":4,"column":60}},"22":{"start":{"line":23,"column":0},"end":{"line":23,"column":22}},"23":{"start":{"line":24,"column":0},"end":{"line":24,"column":23}},"24":{"start":{"line":25,"column":0},"end":{"line":25,"column":8}},"25":{"start":{"line":26,"column":0},"end":{"line":26,"column":11}},"26":{"start":{"line":27,"column":0},"end":{"line":27,"column":10}},"27":{"start":{"line":28,"column":0},"end":{"line":28,"column":9}},"28":{"start":{"line":29,"column":0},"end":{"line":29,"column":15}},"29":{"start":{"line":30,"column":0},"end":{"line":30,"column":31}},"31":{"start":{"line":32,"column":0},"end":{"line":32,"column":34}},"32":{"start":{"line":33,"column":0},"end":{"line":33,"column":22}},"33":{"start":{"line":34,"column":0},"end":{"line":34,"column":22}},"34":{"start":{"line":35,"column":0},"end":{"line":35,"column":16}},"35":{"start":{"line":36,"column":0},"end":{"line":36,"column":27}},"36":{"start":{"line":37,"column":0},"end":{"line":37,"column":53}},"37":{"start":{"line":38,"column":0},"end":{"line":38,"column":23}},"38":{"start":{"line":39,"column":0},"end":{"line":39,"column":10}},"39":{"start":{"line":40,"column":0},"end":{"line":40,"column":18}},"40":{"start":{"line":41,"column":0},"end":{"line":41,"column":16}},"41":{"start":{"line":42,"column":0},"end":{"line":42,"column":27}},"42":{"start":{"line":43,"column":0},"end":{"line":43,"column":53}},"43":{"start":{"line":44,"column":0},"end":{"line":44,"column":25}},"44":{"start":{"line":45,"column":0},"end":{"line":45,"column":44}},"45":{"start":{"line":46,"column":0},"end":{"line":46,"column":10}},"46":{"start":{"line":47,"column":0},"end":{"line":47,"column":22}},"47":{"start":{"line":48,"column":0},"end":{"line":48,"column":16}},"48":{"start":{"line":49,"column":0},"end":{"line":49,"column":27}},"49":{"start":{"line":50,"column":0},"end":{"line":50,"column":41}},"50":{"start":{"line":51,"column":0},"end":{"line":51,"column":25}},"51":{"start":{"line":52,"column":0},"end":{"line":52,"column":44}},"52":{"start":{"line":53,"column":0},"end":{"line":53,"column":10}},"53":{"start":{"line":54,"column":0},"end":{"line":54,"column":14}},"54":{"start":{"line":55,"column":0},"end":{"line":55,"column":18}},"55":{"start":{"line":56,"column":0},"end":{"line":56,"column":5}},"56":{"start":{"line":57,"column":0},"end":{"line":57,"column":4}},"58":{"start":{"line":59,"column":0},"end":{"line":59,"column":16}},"59":{"start":{"line":60,"column":0},"end":{"line":60,"column":12}},"60":{"start":{"line":61,"column":0},"end":{"line":61,"column":24}},"61":{"start":{"line":62,"column":0},"end":{"line":62,"column":44}},"62":{"start":{"line":63,"column":0},"end":{"line":63,"column":25}},"63":{"start":{"line":64,"column":0},"end":{"line":64,"column":27}},"64":{"start":{"line":65,"column":0},"end":{"line":65,"column":17}},"66":{"start":{"line":67,"column":0},"end":{"line":67,"column":18}},"67":{"start":{"line":68,"column":0},"end":{"line":68,"column":25}},"69":{"start":{"line":70,"column":0},"end":{"line":70,"column":3}},"71":{"start":{"line":72,"column":0},"end":{"line":72,"column":10}},"72":{"start":{"line":73,"column":0},"end":{"line":73,"column":56}},"73":{"start":{"line":74,"column":0},"end":{"line":74,"column":16}},"74":{"start":{"line":75,"column":0},"end":{"line":75,"column":11}},"76":{"start":{"line":77,"column":0},"end":{"line":77,"column":1}},"78":{"start":{"line":79,"column":0},"end":{"line":79,"column":28}},"79":{"start":{"line":80,"column":0},"end":{"line":80,"column":8}},"80":{"start":{"line":81,"column":0},"end":{"line":81,"column":11}},"81":{"start":{"line":82,"column":0},"end":{"line":82,"column":9}},"82":{"start":{"line":83,"column":0},"end":{"line":83,"column":21}},"83":{"start":{"line":84,"column":0},"end":{"line":84,"column":10}},"84":{"start":{"line":85,"column":0},"end":{"line":85,"column":122}},"85":{"start":{"line":86,"column":0},"end":{"line":86,"column":16}},"86":{"start":{"line":87,"column":0},"end":{"line":87,"column":11}},"88":{"start":{"line":89,"column":0},"end":{"line":89,"column":1}},"90":{"start":{"line":91,"column":0},"end":{"line":91,"column":27}},"91":{"start":{"line":92,"column":0},"end":{"line":92,"column":8}},"92":{"start":{"line":93,"column":0},"end":{"line":93,"column":11}},"93":{"start":{"line":94,"column":0},"end":{"line":94,"column":9}},"94":{"start":{"line":95,"column":0},"end":{"line":95,"column":20}},"95":{"start":{"line":96,"column":0},"end":{"line":96,"column":10}},"96":{"start":{"line":97,"column":0},"end":{"line":97,"column":36}},"97":{"start":{"line":98,"column":0},"end":{"line":98,"column":51}},"98":{"start":{"line":99,"column":0},"end":{"line":99,"column":11}},"100":{"start":{"line":101,"column":0},"end":{"line":101,"column":1}},"102":{"start":{"line":103,"column":0},"end":{"line":103,"column":29}},"103":{"start":{"line":104,"column":0},"end":{"line":104,"column":8}},"104":{"start":{"line":105,"column":0},"end":{"line":105,"column":11}},"105":{"start":{"line":106,"column":0},"end":{"line":106,"column":9}},"106":{"start":{"line":107,"column":0},"end":{"line":107,"column":22}},"107":{"start":{"line":108,"column":0},"end":{"line":108,"column":10}},"108":{"start":{"line":109,"column":0},"end":{"line":109,"column":98}},"109":{"start":{"line":110,"column":0},"end":{"line":110,"column":16}},"110":{"start":{"line":111,"column":0},"end":{"line":111,"column":11}},"112":{"start":{"line":113,"column":0},"end":{"line":113,"column":1}},"114":{"start":{"line":115,"column":0},"end":{"line":115,"column":28}},"115":{"start":{"line":116,"column":0},"end":{"line":116,"column":8}},"116":{"start":{"line":117,"column":0},"end":{"line":117,"column":11}},"117":{"start":{"line":118,"column":0},"end":{"line":118,"column":9}},"118":{"start":{"line":119,"column":0},"end":{"line":119,"column":21}},"119":{"start":{"line":120,"column":0},"end":{"line":120,"column":10}},"120":{"start":{"line":121,"column":0},"end":{"line":121,"column":122}},"121":{"start":{"line":122,"column":0},"end":{"line":122,"column":16}},"122":{"start":{"line":123,"column":0},"end":{"line":123,"column":11}},"124":{"start":{"line":125,"column":0},"end":{"line":125,"column":1}}},"s":{"0":0,"1":0,"2":0,"3":0,"22":0,"23":0,"24":0,"25":0,"26":0,"27":0,"28":0,"29":0,"31":0,"32":0,"33":0,"34":0,"35":0,"36":0,"37":0,"38":0,"39":0,"40":0,"41":0,"42":0,"43":0,"44":0,"45":0,"46":0,"47":0,"48":0,"49":0,"50":0,"51":0,"52":0,"53":0,"54":0,"55":0,"56":0,"58":0,"59":0,"60":0,"61":0,"62":0,"63":0,"64":0,"66":0,"67":0,"69":0,"71":0,"72":0,"73":0,"74":0,"76":0,"78":0,"79":0,"80":0,"81":0,"82":0,"83":0,"84":0,"85":0,"86":0,"88":0,"90":0,"91":0,"92":0,"93":0,"94":0,"95":0,"96":0,"97":0,"98":0,"100":0,"102":0,"103":0,"104":0,"105":0,"106":0,"107":0,"108":0,"109":0,"110":0,"112":0,"114":0,"115":0,"116":0,"117":0,"118":0,"119":0,"120":0,"121":0,"122":0,"124":0},"branchMap":{"0":{"type":"branch","line":1,"loc":{"start":{"line":1,"column":2657},"end":{"line":125,"column":1}},"locations":[{"start":{"line":1,"column":2657},"end":{"line":125,"column":1}}]}},"b":{"0":[0]},"fnMap":{"0":{"name":"(empty-report)","decl":{"start":{"line":1,"column":2657},"end":{"line":125,"column":1}},"loc":{"start":{"line":1,"column":2657},"end":{"line":125,"column":1}},"line":1}},"f":{"0":0}}
,"/Users/kazuya.miura/Develop/soyokaze/components/ui/dialog.tsx": {"path":"/Users/kazuya.miura/Develop/soyokaze/components/ui/dialog.tsx","all":true,"statementMap":{"0":{"start":{"line":1,"column":0},"end":{"line":1,"column":26}},"1":{"start":{"line":2,"column":0},"end":{"line":2,"column":8}},"10":{"start":{"line":11,"column":0},"end":{"line":11,"column":45}},"11":{"start":{"line":12,"column":0},"end":{"line":12,"column":54}},"12":{"start":{"line":13,"column":0},"end":{"line":13,"column":57}},"13":{"start":{"line":14,"column":0},"end":{"line":14,"column":66}},"49":{"start":{"line":50,"column":0},"end":{"line":50,"column":43}},"53":{"start":{"line":54,"column":0},"end":{"line":54,"column":4}},"54":{"start":{"line":55,"column":0},"end":{"line":55,"column":14}},"55":{"start":{"line":56,"column":0},"end":{"line":56,"column":25}},"56":{"start":{"line":57,"column":0},"end":{"line":57,"column":21}},"57":{"start":{"line":58,"column":0},"end":{"line":58,"column":3}},"59":{"start":{"line":60,"column":0},"end":{"line":60,"column":24}},"60":{"start":{"line":61,"column":0},"end":{"line":61,"column":7}},"61":{"start":{"line":62,"column":0},"end":{"line":62,"column":15}},"62":{"start":{"line":63,"column":0},"end":{"line":63,"column":11}},"63":{"start":{"line":64,"column":0},"end":{"line":64,"column":22}},"64":{"start":{"line":65,"column":0},"end":{"line":65,"column":17}},"65":{"start":{"line":66,"column":0},"end":{"line":66,"column":10}},"66":{"start":{"line":67,"column":0},"end":{"line":67,"column":68}},"67":{"start":{"line":68,"column":0},"end":{"line":68,"column":16}},"68":{"start":{"line":69,"column":0},"end":{"line":69,"column":29}},"70":{"start":{"line":71,"column":0},"end":{"line":71,"column":1}},"72":{"start":{"line":73,"column":0},"end":{"line":73,"column":76}},"73":{"start":{"line":74,"column":0},"end":{"line":74,"column":25}},"74":{"start":{"line":75,"column":0},"end":{"line":75,"column":1}},"76":{"start":{"line":77,"column":0},"end":{"line":77,"column":31}},"77":{"start":{"line":78,"column":0},"end":{"line":78,"column":11}},"78":{"start":{"line":79,"column":0},"end":{"line":79,"column":8}},"79":{"start":{"line":80,"column":0},"end":{"line":80,"column":9}},"80":{"start":{"line":81,"column":0},"end":{"line":81,"column":24}},"81":{"start":{"line":82,"column":0},"end":{"line":82,"column":31}},"82":{"start":{"line":83,"column":0},"end":{"line":83,"column":74}},"85":{"start":{"line":86,"column":0},"end":{"line":86,"column":57}},"86":{"start":{"line":87,"column":0},"end":{"line":87,"column":43}},"87":{"start":{"line":88,"column":0},"end":{"line":88,"column":74}},"88":{"start":{"line":89,"column":0},"end":{"line":89,"column":4}},"89":{"start":{"line":90,"column":0},"end":{"line":90,"column":45}},"90":{"start":{"line":91,"column":0},"end":{"line":91,"column":77}},"91":{"start":{"line":92,"column":0},"end":{"line":92,"column":4}},"93":{"start":{"line":94,"column":0},"end":{"line":94,"column":48}},"95":{"start":{"line":96,"column":0},"end":{"line":96,"column":19}},"96":{"start":{"line":97,"column":0},"end":{"line":97,"column":9}},"97":{"start":{"line":98,"column":0},"end":{"line":98,"column":14}},"98":{"start":{"line":99,"column":0},"end":{"line":99,"column":9}},"99":{"start":{"line":100,"column":0},"end":{"line":100,"column":18}},"100":{"start":{"line":101,"column":0},"end":{"line":101,"column":52}},"101":{"start":{"line":102,"column":0},"end":{"line":102,"column":31}},"102":{"start":{"line":103,"column":0},"end":{"line":103,"column":10}},"103":{"start":{"line":104,"column":0},"end":{"line":104,"column":14}},"104":{"start":{"line":105,"column":0},"end":{"line":105,"column":8}},"105":{"start":{"line":106,"column":0},"end":{"line":106,"column":15}},"108":{"start":{"line":109,"column":0},"end":{"line":109,"column":11}},"109":{"start":{"line":110,"column":0},"end":{"line":110,"column":78}},"111":{"start":{"line":112,"column":0},"end":{"line":112,"column":23}},"112":{"start":{"line":113,"column":0},"end":{"line":113,"column":13}},"115":{"start":{"line":116,"column":0},"end":{"line":116,"column":17}},"116":{"start":{"line":117,"column":0},"end":{"line":117,"column":42}},"117":{"start":{"line":118,"column":0},"end":{"line":118,"column":32}},"118":{"start":{"line":119,"column":0},"end":{"line":119,"column":33}},"119":{"start":{"line":120,"column":0},"end":{"line":120,"column":36}},"120":{"start":{"line":121,"column":0},"end":{"line":121,"column":10}},"121":{"start":{"line":122,"column":0},"end":{"line":122,"column":44}},"123":{"start":{"line":124,"column":0},"end":{"line":124,"column":23}},"124":{"start":{"line":125,"column":0},"end":{"line":125,"column":19}},"125":{"start":{"line":126,"column":0},"end":{"line":126,"column":11}},"128":{"start":{"line":129,"column":0},"end":{"line":129,"column":10}},"129":{"start":{"line":130,"column":0},"end":{"line":130,"column":10}},"130":{"start":{"line":131,"column":0},"end":{"line":131,"column":20}},"131":{"start":{"line":132,"column":0},"end":{"line":132,"column":27}},"132":{"start":{"line":133,"column":0},"end":{"line":133,"column":67}},"133":{"start":{"line":134,"column":0},"end":{"line":134,"column":48}},"135":{"start":{"line":136,"column":0},"end":{"line":136,"column":64}},"136":{"start":{"line":137,"column":0},"end":{"line":137,"column":12}},"138":{"start":{"line":139,"column":0},"end":{"line":139,"column":1}},"140":{"start":{"line":141,"column":0},"end":{"line":141,"column":30}},"141":{"start":{"line":142,"column":0},"end":{"line":142,"column":11}},"142":{"start":{"line":143,"column":0},"end":{"line":143,"column":14}},"143":{"start":{"line":144,"column":0},"end":{"line":144,"column":15}},"144":{"start":{"line":145,"column":0},"end":{"line":145,"column":8}},"145":{"start":{"line":146,"column":0},"end":{"line":146,"column":9}},"146":{"start":{"line":147,"column":0},"end":{"line":147,"column":23}},"147":{"start":{"line":148,"column":0},"end":{"line":148,"column":31}},"149":{"start":{"line":150,"column":0},"end":{"line":150,"column":10}},"150":{"start":{"line":151,"column":0},"end":{"line":151,"column":9}},"151":{"start":{"line":152,"column":0},"end":{"line":152,"column":14}},"152":{"start":{"line":153,"column":0},"end":{"line":153,"column":9}},"153":{"start":{"line":154,"column":0},"end":{"line":154,"column":31}},"154":{"start":{"line":155,"column":0},"end":{"line":155,"column":31}},"155":{"start":{"line":156,"column":0},"end":{"line":156,"column":31}},"156":{"start":{"line":157,"column":0},"end":{"line":157,"column":35}},"157":{"start":{"line":158,"column":0},"end":{"line":158,"column":21}},"158":{"start":{"line":159,"column":0},"end":{"line":159,"column":31}},"159":{"start":{"line":160,"column":0},"end":{"line":160,"column":50}},"160":{"start":{"line":161,"column":0},"end":{"line":161,"column":52}},"161":{"start":{"line":162,"column":0},"end":{"line":162,"column":10}},"162":{"start":{"line":163,"column":0},"end":{"line":163,"column":14}},"163":{"start":{"line":164,"column":0},"end":{"line":164,"column":8}},"164":{"start":{"line":165,"column":0},"end":{"line":165,"column":15}},"167":{"start":{"line":168,"column":0},"end":{"line":168,"column":23}},"168":{"start":{"line":169,"column":0},"end":{"line":169,"column":13}},"169":{"start":{"line":170,"column":0},"end":{"line":170,"column":18}},"170":{"start":{"line":171,"column":0},"end":{"line":171,"column":33}},"171":{"start":{"line":172,"column":0},"end":{"line":172,"column":29}},"172":{"start":{"line":173,"column":0},"end":{"line":173,"column":19}},"173":{"start":{"line":174,"column":0},"end":{"line":174,"column":22}},"174":{"start":{"line":175,"column":0},"end":{"line":175,"column":37}},"175":{"start":{"line":176,"column":0},"end":{"line":176,"column":12}},"177":{"start":{"line":178,"column":0},"end":{"line":178,"column":23}},"178":{"start":{"line":179,"column":0},"end":{"line":179,"column":15}},"182":{"start":{"line":183,"column":0},"end":{"line":183,"column":62}},"185":{"start":{"line":186,"column":0},"end":{"line":186,"column":11}},"186":{"start":{"line":187,"column":0},"end":{"line":187,"column":16}},"187":{"start":{"line":188,"column":0},"end":{"line":188,"column":31}},"188":{"start":{"line":189,"column":0},"end":{"line":189,"column":28}},"189":{"start":{"line":190,"column":0},"end":{"line":190,"column":17}},"190":{"start":{"line":191,"column":0},"end":{"line":191,"column":20}},"191":{"start":{"line":192,"column":0},"end":{"line":192,"column":35}},"192":{"start":{"line":193,"column":0},"end":{"line":193,"column":10}},"194":{"start":{"line":195,"column":0},"end":{"line":195,"column":41}},"195":{"start":{"line":196,"column":0},"end":{"line":196,"column":13}},"196":{"start":{"line":197,"column":0},"end":{"line":197,"column":11}},"198":{"start":{"line":199,"column":0},"end":{"line":199,"column":1}},"200":{"start":{"line":201,"column":0},"end":{"line":201,"column":77}},"201":{"start":{"line":202,"column":0},"end":{"line":202,"column":10}},"202":{"start":{"line":203,"column":0},"end":{"line":203,"column":36}},"203":{"start":{"line":204,"column":0},"end":{"line":204,"column":17}},"204":{"start":{"line":205,"column":0},"end":{"line":205,"column":17}},"205":{"start":{"line":206,"column":0},"end":{"line":206,"column":16}},"206":{"start":{"line":207,"column":0},"end":{"line":207,"column":30}},"207":{"start":{"line":208,"column":0},"end":{"line":208,"column":28}},"208":{"start":{"line":209,"column":0},"end":{"line":209,"column":10}},"210":{"start":{"line":211,"column":0},"end":{"line":211,"column":18}},"211":{"start":{"line":212,"column":0},"end":{"line":212,"column":19}},"212":{"start":{"line":213,"column":0},"end":{"line":213,"column":11}},"214":{"start":{"line":215,"column":0},"end":{"line":215,"column":1}},"216":{"start":{"line":217,"column":0},"end":{"line":217,"column":35}},"217":{"start":{"line":218,"column":0},"end":{"line":218,"column":11}},"218":{"start":{"line":219,"column":0},"end":{"line":219,"column":8}},"219":{"start":{"line":220,"column":0},"end":{"line":220,"column":9}},"220":{"start":{"line":221,"column":0},"end":{"line":221,"column":28}},"221":{"start":{"line":222,"column":0},"end":{"line":222,"column":31}},"223":{"start":{"line":224,"column":0},"end":{"line":224,"column":10}},"224":{"start":{"line":225,"column":0},"end":{"line":225,"column":36}},"225":{"start":{"line":226,"column":0},"end":{"line":226,"column":17}},"226":{"start":{"line":22
[...]
,"/Users/kazuya.miura/Develop/soyokaze/hooks/index.ts": {"path":"/Users/kazuya.miura/Develop/soyokaze/hooks/index.ts","all":true,"statementMap":{"0":{"start":{"line":1,"column":0},"end":{"line":1,"column":52}},"1":{"start":{"line":2,"column":0},"end":{"line":2,"column":39}},"2":{"start":{"line":3,"column":0},"end":{"line":3,"column":52}},"3":{"start":{"line":4,"column":0},"end":{"line":4,"column":41}}},"s":{"0":0,"1":0,"2":0,"3":0},"branchMap":{"0":{"type":"branch","line":1,"loc":{"start":{"line":1,"column":187},"end":{"line":4,"column":41}},"locations":[{"start":{"line":1,"column":187},"end":{"line":4,"column":41}}]}},"b":{"0":[0]},"fnMap":{"0":{"name":"(empty-report)","decl":{"start":{"line":1,"column":187},"end":{"line":4,"column":41}},"loc":{"start":{"line":1,"column":187},"end":{"line":4,"column":41}},"line":1}},"f":{"0":0}}
,"/Users/kazuya.miura/Develop/soyokaze/hooks/use-color-scheme.ts": {"path":"/Users/kazuya.miura/Develop/soyokaze/hooks/use-color-scheme.ts","all":true,"statementMap":{"0":{"start":{"line":1,"column":0},"end":{"line":1,"column":46}}},"s":{"0":0},"branchMap":{"0":{"type":"branch","line":1,"loc":{"start":{"line":1,"column":46},"end":{"line":1,"column":46}},"locations":[{"start":{"line":1,"column":46},"end":{"line":1,"column":46}}]}},"b":{"0":[0]},"fnMap":{"0":{"name":"(empty-report)","decl":{"start":{"line":1,"column":46},"end":{"line":1,"column":46}},"loc":{"start":{"line":1,"column":46},"end":{"line":1,"column":46}},"line":1}},"f":{"0":0}}
,"/Users/kazuya.miura/Develop/soyokaze/hooks/use-color-scheme.web.ts": {"path":"/Users/kazuya.miura/Develop/soyokaze/hooks/use-color-scheme.web.ts","all":true,"statementMap":{"0":{"start":{"line":1,"column":0},"end":{"line":1,"column":44}},"1":{"start":{"line":2,"column":0},"end":{"line":2,"column":66}},"6":{"start":{"line":7,"column":0},"end":{"line":7,"column":34}},"7":{"start":{"line":8,"column":0},"end":{"line":8,"column":56}},"9":{"start":{"line":10,"column":0},"end":{"line":10,"column":19}},"10":{"start":{"line":11,"column":0},"end":{"line":11,"column":25}},"11":{"start":{"line":12,"column":0},"end":{"line":12,"column":9}},"13":{"start":{"line":14,"column":0},"end":{"line":14,"column":41}},"15":{"start":{"line":16,"column":0},"end":{"line":16,"column":20}},"16":{"start":{"line":17,"column":0},"end":{"line":17,"column":23}},"17":{"start":{"line":18,"column":0},"end":{"line":18,"column":3}},"19":{"start":{"line":20,"column":0},"end":{"line":20,"column":17}},"20":{"start":{"line":21,"column":0},"end":{"line":21,"column":1}}},"s":{"0":0,"1":0,"6":0,"7":0,"9":0,"10":0,"11":0,"13":0,"15":0,"16":0,"17":0,"19":0,"20":0},"branchMap":{"0":{"type":"branch","line":1,"loc":{"start":{"line":1,"column":479},"end":{"line":21,"column":1}},"locations":[{"start":{"line":1,"column":479},"end":{"line":21,"column":1}}]}},"b":{"0":[0]},"fnMap":{"0":{"name":"(empty-report)","decl":{"start":{"line":1,"column":479},"end":{"line":21,"column":1}},"loc":{"start":{"line":1,"column":479},"end":{"line":21,"column":1}},"line":1}},"f":{"0":0}}
,"/Users/kazuya.miura/Develop/soyokaze/hooks/use-journal-font.ts": {"path":"/Users/kazuya.miura/Develop/soyokaze/hooks/use-journal-font.ts","all":true,"statementMap":{"7":{"start":{"line":8,"column":0},"end":{"line":8,"column":40}},"8":{"start":{"line":9,"column":0},"end":{"line":9,"column":39}},"12":{"start":{"line":13,"column":0},"end":{"line":13,"column":56}},"13":{"start":{"line":14,"column":0},"end":{"line":14,"column":29}},"17":{"start":{"line":18,"column":0},"end":{"line":18,"column":68}},"19":{"start":{"line":20,"column":0},"end":{"line":20,"column":33}},"20":{"start":{"line":21,"column":0},"end":{"line":21,"column":22}},"21":{"start":{"line":22,"column":0},"end":{"line":22,"column":3}},"24":{"start":{"line":25,"column":0},"end":{"line":25,"column":34}},"25":{"start":{"line":26,"column":0},"end":{"line":26,"column":32}},"26":{"start":{"line":27,"column":0},"end":{"line":27,"column":21}},"27":{"start":{"line":28,"column":0},"end":{"line":28,"column":3}},"29":{"start":{"line":30,"column":0},"end":{"line":30,"column":18}},"30":{"start":{"line":31,"column":0},"end":{"line":31,"column":1}},"32":{"start":{"line":33,"column":0},"end":{"line":33,"column":74}},"33":{"start":{"line":34,"column":0},"end":{"line":34,"column":25}},"34":{"start":{"line":35,"column":0},"end":{"line":35,"column":31}},"35":{"start":{"line":36,"column":0},"end":{"line":36,"column":27}},"36":{"start":{"line":37,"column":0},"end":{"line":37,"column":34}},"37":{"start":{"line":38,"column":0},"end":{"line":38,"column":37}},"38":{"start":{"line":39,"column":0},"end":{"line":39,"column":7}},"39":{"start":{"line":40,"column":0},"end":{"line":40,"column":30}},"40":{"start":{"line":41,"column":0},"end":{"line":41,"column":21}},"41":{"start":{"line":42,"column":0},"end":{"line":42,"column":23}},"42":{"start":{"line":43,"column":0},"end":{"line":43,"column":28}},"43":{"start":{"line":44,"column":0},"end":{"line":44,"column":36}},"44":{"start":{"line":45,"column":0},"end":{"line":45,"column":7}},"45":{"start":{"line":46,"column":0},"end":{"line":46,"column":32}},"46":{"start":{"line":47,"column":0},"end":{"line":47,"column":4}},"48":{"start":{"line":49,"column":0},"end":{"line":49,"column":52}},"49":{"start":{"line":50,"column":0},"end":{"line":50,"column":1}},"51":{"start":{"line":52,"column":0},"end":{"line":52,"column":47}},"52":{"start":{"line":53,"column":0},"end":{"line":53,"column":31}},"53":{"start":{"line":54,"column":0},"end":{"line":54,"column":48}},"55":{"start":{"line":56,"column":0},"end":{"line":56,"column":62}},"56":{"start":{"line":57,"column":0},"end":{"line":57,"column":63}},"58":{"start":{"line":59,"column":0},"end":{"line":59,"column":10}},"59":{"start":{"line":60,"column":0},"end":{"line":60,"column":15}},"60":{"start":{"line":61,"column":0},"end":{"line":61,"column":35}},"62":{"start":{"line":63,"column":0},"end":{"line":63,"column":12}},"63":{"start":{"line":64,"column":0},"end":{"line":64,"column":56}},"64":{"start":{"line":65,"column":0},"end":{"line":65,"column":54}},"65":{"start":{"line":66,"column":0},"end":{"line":66,"column":52}},"66":{"start":{"line":67,"column":0},"end":{"line":67,"column":6}},"67":{"start":{"line":68,"column":0},"end":{"line":68,"column":4}},"68":{"start":{"line":69,"column":0},"end":{"line":69,"column":1}}},"s":{"7":0,"8":0,"12":0,"13":0,"17":0,"19":0,"20":0,"21":0,"24":0,"25":0,"26":0,"27":0,"29":0,"30":0,"32":0,"33":0,"34":0,"35":0,"36":0,"37":0,"38":0,"39":0,"40":0,"41":0,"42":0,"43":0,"44":0,"45":0,"46":0,"48":0,"49":0,"51":0,"52":0,"53":0,"55":0,"56":0,"58":0,"59":0,"60":0,"62":0,"63":0,"64":0,"65":0,"66":0,"67":0,"68":0},"branchMap":{"0":{"type":"branch","line":1,"loc":{"start":{"line":1,"column":1850},"end":{"line":69,"column":1}},"locations":[{"start":{"line":1,"column":1850},"end":{"line":69,"column":1}}]}},"b":{"0":[1]},"fnMap":{"0":{"name":"(empty-report)","decl":{"start":{"line":1,"column":1850},"end":{"line":69,"column":1}},"loc":{"start":{"line":1,"column":1850},"end":{"line":69,"column":1}},"line":1}},"f":{"0":1}}
,"/Users/kazuya.miura/Develop/soyokaze/hooks/use-theme-color.ts": {"path":"/Users/kazuya.miura/Develop/soyokaze/hooks/use-theme-color.ts","all":true,"statementMap":{"5":{"start":{"line":6,"column":0},"end":{"line":6,"column":44}},"6":{"start":{"line":7,"column":0},"end":{"line":7,"column":58}},"8":{"start":{"line":9,"column":0},"end":{"line":9,"column":30}},"9":{"start":{"line":10,"column":0},"end":{"line":10,"column":43}},"10":{"start":{"line":11,"column":0},"end":{"line":11,"column":66}},"11":{"start":{"line":12,"column":0},"end":{"line":12,"column":3}},"12":{"start":{"line":13,"column":0},"end":{"line":13,"column":44}},"13":{"start":{"line":14,"column":0},"end":{"line":14,"column":38}},"15":{"start":{"line":16,"column":0},"end":{"line":16,"column":23}},"16":{"start":{"line":17,"column":0},"end":{"line":17,"column":26}},"17":{"start":{"line":18,"column":0},"end":{"line":18,"column":10}},"18":{"start":{"line":19,"column":0},"end":{"line":19,"column":36}},"19":{"start":{"line":20,"column":0},"end":{"line":20,"column":3}},"20":{"start":{"line":21,"column":0},"end":{"line":21,"column":1}}},"s":{"5":0,"6":0,"8":0,"9":0,"10":0,"11":0,"12":0,"13":0,"15":0,"16":0,"17":0,"18":0,"19":0,"20":0},"branchMap":{"0":{"type":"branch","line":1,"loc":{"start":{"line":1,"column":538},"end":{"line":21,"column":1}},"locations":[{"start":{"line":1,"column":538},"end":{"line":21,"column":1}}]}},"b":{"0":[1]},"fnMap":{"0":{"name":"(empty-report)","decl":{"start":{"line":1,"column":538},"end":{"line":21,"column":1}},"loc":{"start":{"line":1,"column":538},"end":{"line":21,"column":1}},"line":1}},"f":{"0":1}}
,"/Users/kazuya.miura/Develop/soyokaze/hooks/use-theme.ts": {"path":"/Users/kazuya.miura/Develop/soyokaze/hooks/use-theme.ts","all":true,"statementMap":{"6":{"start":{"line":7,"column":0},"end":{"line":7,"column":52}},"7":{"start":{"line":8,"column":0},"end":{"line":8,"column":73}},"9":{"start":{"line":10,"column":0},"end":{"line":10,"column":70}},"10":{"start":{"line":11,"column":0},"end":{"line":11,"column":39}},"11":{"start":{"line":12,"column":0},"end":{"line":12,"column":49}},"13":{"start":{"line":14,"column":0},"end":{"line":14,"column":10}},"14":{"start":{"line":15,"column":0},"end":{"line":15,"column":10}},"15":{"start":{"line":16,"column":0},"end":{"line":16,"column":40}},"16":{"start":{"line":17,"column":0},"end":{"line":17,"column":4}},"17":{"start":{"line":18,"column":0},"end":{"line":18,"column":1}}},"s":{"6":0,"7":0,"9":0,"10":0,"11":0,"13":0,"14":0,"15":0,"16":0,"17":0},"branchMap":{"0":{"type":"branch","line":1,"loc":{"start":{"line":1,"column":452},"end":{"line":18,"column":1}},"locations":[{"start":{"line":1,"column":452},"end":{"line":18,"column":1}}]}},"b":{"0":[1]},"fnMap":{"0":{"name":"(empty-report)","decl":{"start":{"line":1,"column":452},"end":{"line":18,"column":1}},"loc":{"start":{"line":1,"column":452},"end":{"line":18,"column":1}},"line":1}},"f":{"0":1}}
,"/Users/kazuya.miura/Develop/soyokaze/hooks/use-toggle.ts": {"path":"/Users/kazuya.miura/Develop/soyokaze/hooks/use-toggle.ts","all":false,"statementMap":{"7":{"start":{"line":8,"column":0},"end":{"line":8,"column":46}},"16":{"start":{"line":17,"column":0},"end":{"line":17,"column":75}},"17":{"start":{"line":18,"column":0},"end":{"line":18,"column":53}},"19":{"start":{"line":20,"column":0},"end":{"line":20,"column":34}},"20":{"start":{"line":21,"column":0},"end":{"line":21,"column":20}},"21":{"start":{"line":22,"column":0},"end":{"line":22,"column":9}},"23":{"start":{"line":24,"column":0},"end":{"line":24,"column":35}},"24":{"start":{"line":25,"column":0},"end":{"line":25,"column":21}},"25":{"start":{"line":26,"column":0},"end":{"line":26,"column":9}},"27":{"start":{"line":28,"column":0},"end":{"line":28,"column":36}},"28":{"start":{"line":29,"column":0},"end":{"line":29,"column":31}},"29":{"start":{"line":30,"column":0},"end":{"line":30,"column":9}},"31":{"start":{"line":32,"column":0},"end":{"line":32,"column":10}},"32":{"start":{"line":33,"column":0},"end":{"line":33,"column":11}},"33":{"start":{"line":34,"column":0},"end":{"line":34,"column":9}},"34":{"start":{"line":35,"column":0},"end":{"line":35,"column":10}},"35":{"start":{"line":36,"column":0},"end":{"line":36,"column":11}},"36":{"start":{"line":37,"column":0},"end":{"line":37,"column":4}},"37":{"start":{"line":38,"column":0},"end":{"line":38,"column":1}}},"s":{"7":1,"16":1,"17":22,"19":22,"20":4,"21":22,"23":22,"24":5,"25":22,"27":22,"28":6,"29":22,"31":22,"32":22,"33":22,"34":22,"35":22,"36":22,"37":22},"branchMap":{"0":{"type":"branch","line":17,"loc":{"start":{"line":17,"column":7},"end":{"line":38,"column":1}},"locations":[{"start":{"line":17,"column":7},"end":{"line":38,"column":1}}]},"1":{"type":"branch","line":20,"loc":{"start":{"line":20,"column":27},"end":{"line":22,"column":5}},"locations":[{"start":{"line":20,"column":27},"end":{"line":22,"column":5}}]},"2":{"type":"branch","line":24,"loc":{"start":{"line":24,"column":28},"end":{"line":26,"column":5}},"locations":[{"start":{"line":24,"column":28},"end":{"line":26,"column":5}}]},"3":{"type":"branch","line":28,"loc":{"start":{"line":28,"column":29},"end":{"line":30,"column":5}},"locations":[{"start":{"line":28,"column":29},"end":{"line":30,"column":5}}]},"4":{"type":"branch","line":29,"loc":{"start":{"line":29,"column":14},"end":{"line":29,"column":29}},"locations":[{"start":{"line":29,"column":14},"end":{"line":29,"column":29}}]}},"b":{"0":[22],"1":[4],"2":[5],"3":[6],"4":[6]},"fnMap":{"0":{"name":"useToggle","decl":{"start":{"line":17,"column":7},"end":{"line":38,"column":1}},"loc":{"start":{"line":17,"column":7},"end":{"line":38,"column":1}},"line":17}},"f":{"0":22}}
,"/Users/kazuya.miura/Develop/soyokaze/services/user-service.ts": {"path":"/Users/kazuya.miura/Develop/soyokaze/services/user-service.ts","all":true,"statementMap":{"0":{"start":{"line":1,"column":0},"end":{"line":1,"column":60}},"1":{"start":{"line":2,"column":0},"end":{"line":2,"column":79}},"5":{"start":{"line":6,"column":0},"end":{"line":6,"column":75}},"6":{"start":{"line":7,"column":0},"end":{"line":7,"column":57}},"8":{"start":{"line":9,"column":0},"end":{"line":9,"column":17}},"13":{"start":{"line":14,"column":0},"end":{"line":14,"column":58}},"14":{"start":{"line":15,"column":0},"end":{"line":15,"column":10}},"15":{"start":{"line":16,"column":0},"end":{"line":16,"column":79}},"16":{"start":{"line":17,"column":0},"end":{"line":17,"column":4}},"18":{"start":{"line":19,"column":0},"end":{"line":19,"column":40}},"19":{"start":{"line":20,"column":0},"end":{"line":20,"column":1}},"21":{"start":{"line":22,"column":0},"end":{"line":22,"column":58}},"22":{"start":{"line":23,"column":0},"end":{"line":23,"column":51}},"23":{"start":{"line":24,"column":0},"end":{"line":24,"column":52}},"25":{"start":{"line":26,"column":0},"end":{"line":26,"column":27}},"26":{"start":{"line":27,"column":0},"end":{"line":27,"column":34}},"27":{"start":{"line":28,"column":0},"end":{"line":28,"column":46}},"28":{"start":{"line":29,"column":0},"end":{"line":29,"column":29}},"29":{"start":{"line":30,"column":0},"end":{"line":30,"column":6}},"30":{"start":{"line":31,"column":0},"end":{"line":31,"column":16}},"31":{"start":{"line":32,"column":0},"end":{"line":32,"column":3}},"33":{"start":{"line":34,"column":0},"end":{"line":34,"column":36}},"34":{"start":{"line":35,"column":0},"end":{"line":35,"column":1}},"36":{"start":{"line":37,"column":0},"end":{"line":37,"column":54}},"37":{"start":{"line":38,"column":0},"end":{"line":38,"column":63}},"38":{"start":{"line":39,"column":0},"end":{"line":39,"column":46}},"40":{"start":{"line":41,"column":0},"end":{"line":41,"column":51}},"41":{"start":{"line":42,"column":0},"end":{"line":42,"column":1}},"43":{"start":{"line":44,"column":0},"end":{"line":44,"column":87}},"44":{"start":{"line":45,"column":0},"end":{"line":45,"column":57}},"46":{"start":{"line":47,"column":0},"end":{"line":47,"column":57}},"47":{"start":{"line":48,"column":0},"end":{"line":48,"column":67}},"48":{"start":{"line":49,"column":0},"end":{"line":49,"column":4}},"50":{"start":{"line":51,"column":0},"end":{"line":51,"column":34}},"51":{"start":{"line":52,"column":0},"end":{"line":52,"column":29}},"52":{"start":{"line":53,"column":0},"end":{"line":53,"column":3}},"54":{"start":{"line":55,"column":0},"end":{"line":55,"column":73}},"55":{"start":{"line":56,"column":0},"end":{"line":56,"column":89}},"57":{"start":{"line":58,"column":0},"end":{"line":58,"column":17}},"59":{"start":{"line":60,"column":0},"end":{"line":60,"column":95}},"63":{"start":{"line":64,"column":0},"end":{"line":64,"column":45}},"64":{"start":{"line":65,"column":0},"end":{"line":65,"column":27}},"65":{"start":{"line":66,"column":0},"end":{"line":66,"column":1}},"67":{"start":{"line":68,"column":0},"end":{"line":68,"column":61}},"68":{"start":{"line":69,"column":0},"end":{"line":69,"column":49}},"69":{"start":{"line":70,"column":0},"end":{"line":70,"column":70}},"71":{"start":{"line":72,"column":0},"end":{"line":72,"column":29}},"72":{"start":{"line":73,"column":0},"end":{"line":73,"column":34}},"73":{"start":{"line":74,"column":0},"end":{"line":74,"column":46}},"74":{"start":{"line":75,"column":0},"end":{"line":75,"column":29}},"75":{"start":{"line":76,"column":0},"end":{"line":76,"column":6}},"76":{"start":{"line":77,"column":0},"end":{"line":77,"column":16}},"77":{"start":{"line":78,"column":0},"end":{"line":78,"column":3}},"78":{"start":{"line":79,"column":0},"end":{"line":79,"column":1}},"80":{"start":{"line":81,"column":0},"end":{"line":81,"column":75}},"81":{"start":{"line":82,"column":0},"end":{"line":82,"column":54}},"82":{"start":{"line":83,"column":0},"end":{"line":83,"column":55}},"84":{"start":{"line":85,"column":0},"end":{"line":85,"column":27}},"85":{"start":{"line":86,"column":0},"end":{"line":86,"column":16}},"86":{"start":{"line":87,"column":0},"end":{"line":87,"column":3}},"88":{"start":{"line":89,"column":0},"end":{"line":89,"column":36}},"89":{"start":{"line":90,"column":0},"end":{"line":90,"column":1}},"91":{"start":{"line":92,"column":0},"end":{"line":92,"column":62}},"92":{"start":{"line":93,"column":0},"end":{"line":93,"column":82}},"93":{"start":{"line":94,"column":0},"end":{"line":94,"column":46}},"95":{"start":{"line":96,"column":0},"end":{"line":96,"column":51}},"96":{"start":{"line":97,"column":0},"end":{"line":97,"column":1}},"98":{"start":{"line":99,"column":0},"end":{"line":99,"column":67}},"99":{"start":{"line":100,"column":0},"end":{"line":100,"column":59}},"100":{"start":{"line":101,"column":0},"end":{"line":101,"column":34}},"101":{"start":{"line":102,"column":0},"end":{"line":102,"column":1}}},"s":{"0":0,"1":0,"5":0,"6":0,"8":0,"13":0,"14":0,"15":0,"16":0,"18":0,"19":0,"21":0,"22":0,"23":0,"25":0,"26":0,"27":0,"28":0,"29":0,"30":0,"31":0,"33":0,"34":0,"36":0,"37":0,"38":0,"40":0,"41":0,"43":0,"44":0,"46":0,"47":0,"48":0,"50":0,"51":0,"52":0,"54":0,"55":0,"57":0,"59":0,"63":0,"64":0,"65":0,"67":0,"68":0,"69":0,"71":0,"72":0,"73":0,"74":0,"75":0,"76":0,"77":0,"78":0,"80":0,"81":0,"82":0,"84":0,"85":0,"86":0,"88":0,"89":0,"91":0,"92":0,"93":0,"95":0,"96":0,"98":0,"99":0,"100":0,"101":0},"branchMap":{"0":{"type":"branch","line":1,"loc":{"start":{"line":1,"column":3144},"end":{"line":102,"column":1}},"locations":[{"start":{"line":1,"column":3144},"end":{"line":102,"column":1}}]}},"b":{"0":[0]},"fnMap":{"0":{"name":"(empty-report)","decl":{"start":{"line":1,"column":3144},"end":{"line":102,"column":1}},"loc":{"start":{"line":1,"column":3144},"end":{"line":102,"column":1}},"line":1}},"f":{"0":0}}
}
